
  You can now view your Streamlit app in your browser.

  URL: http://0.0.0.0:8501

2026-02-21 03:26:58.589 Please replace `use_container_width` with `width`.

`use_container_width` will be removed after 2025-12-31.

For `use_container_width=True`, use `width='stretch'`. For `use_container_width=False`, use `width='content'`.
2026-02-21 03:27:12.492 Please replace `use_container_width` with `width`.

`use_container_width` will be removed after 2025-12-31.

For `use_container_width=True`, use `width='stretch'`. For `use_container_width=False`, use `width='content'`.
2026-02-21 03:27:12.516 Please replace `use_container_width` with `width`.

`use_container_width` will be removed after 2025-12-31.

For `use_container_width=True`, use `width='stretch'`. For `use_container_width=False`, use `width='content'`.
2026-02-21 03:27:12.556 Please replace `use_container_width` with `width`.

`use_container_width` will be removed after 2025-12-31.

For `use_container_width=True`, use `width='stretch'`. For `use_container_width=False`, use `width='content'`.
2026-02-21 03:27:12.585 Please replace `use_container_width` with `width`.

`use_container_width` will be removed after 2025-12-31.

For `use_container_width=True`, use `width='stretch'`. For `use_container_width=False`, use `width='content'`.
2026-02-21 03:27:12.619 Please replace `use_container_width` with `width`.

`use_container_width` will be removed after 2025-12-31.

For `use_container_width=True`, use `width='stretch'`. For `use_container_width=False`, use `width='content'`.
[31mâ”€â”€[0m[31mâ”€â”€â”€â”€â”€â”€â”€â”€â”€â”€â”€â”€â”€â”€â”€â”€â”€â”€â”€â”€â”€â”€â”€â”€[0m[31m [0m[1;31mTraceback [0m[1;2;31m(most recent call last)[0m[31m [0m[31mâ”€â”€â”€â”€â”€â”€â”€â”€â”€â”€â”€â”€â”€â”€â”€â”€â”€â”€â”€â”€â”€â”€â”€â”€â”€[0m[31mâ”€â”€[0m
[31m [0m [2m/home/rodrigo/real_options/venv/lib/python3.12/site-packages/pandas/core/arrays/[0m[1mdate[0m [31m [0m
[31m [0m [1mtimelike.py[0m:1188 in _sub_datetimelike                                                [31m [0m
[31m [0m                                                                                      [31m [0m
[31m [0m   [2m1185 [0m[2mâ”‚   â”‚   [0m[94mfrom[0m[90m [0m[4;96mpandas[0m[4;96m.[0m[4;96mcore[0m[4;96m.[0m[4;96marrays[0m[90m [0m[94mimport[0m TimedeltaArray                         [31m [0m
[31m [0m   [2m1186 [0m[2mâ”‚   â”‚   [0m                                                                      [31m [0m
[31m [0m   [2m1187 [0m[2mâ”‚   â”‚   [0m[94mtry[0m:                                                                  [31m [0m
[31m [0m [31mâ± [0m1188 [2mâ”‚   â”‚   â”‚   [0m[96mself[0m._assert_tzawareness_compat(other)                            [31m [0m
[31m [0m   [2m1189 [0m[2mâ”‚   â”‚   [0m[94mexcept[0m [96mTypeError[0m [94mas[0m err:                                              [31m [0m
[31m [0m   [2m1190 [0m[2mâ”‚   â”‚   â”‚   [0mnew_message = [96mstr[0m(err).replace([33m"[0m[33mcompare[0m[33m"[0m, [33m"[0m[33msubtract[0m[33m"[0m)             [31m [0m
[31m [0m   [2m1191 [0m[2mâ”‚   â”‚   â”‚   [0m[1;4;94mraise[0m[1;4m [0m[1;4;96mtype[0m[1;4m(err)(new_message) [0m[1;4;94mfrom[0m[1;4;90m [0m[1;4;96merr[0m                             [31m [0m
[31m [0m                                                                                      [31m [0m
[31m [0m [2m/home/rodrigo/real_options/venv/lib/python3.12/site-packages/pandas/core/arrays/[0m[1mdate[0m [31m [0m
[31m [0m [1mtimes.py[0m:784 in _assert_tzawareness_compat                                           [31m [0m
[31m [0m                                                                                      [31m [0m
[31m [0m   [2m 781 [0m[2mâ”‚   â”‚   â”‚   [0m[94mpass[0m                                                              [31m [0m
[31m [0m   [2m 782 [0m[2mâ”‚   â”‚   [0m[94melif[0m [96mself[0m.tz [95mis[0m [94mNone[0m:                                                 [31m [0m
[31m [0m   [2m 783 [0m[2mâ”‚   â”‚   â”‚   [0m[94mif[0m other_tz [95mis[0m [95mnot[0m [94mNone[0m:                                          [31m [0m
[31m [0m [31mâ± [0m 784 [2mâ”‚   â”‚   â”‚   â”‚   [0m[1;4;94mraise[0m[1;4m [0m[1;4;96mTypeError[0m[1;4m([0m                                              [31m [0m
[31m [0m   [2m 785 [0m[2mâ”‚   â”‚   â”‚   â”‚   â”‚   [0m[1;4;33m"[0m[1;4;33mCannot compare tz-naive and tz-aware datetime-like objec[0m [31m [0m
[31m [0m   [2m 786 [0m[2mâ”‚   â”‚   â”‚   â”‚   [0m[1;4m)[0m                                                             [31m [0m
[31m [0m   [2m 787 [0m[2mâ”‚   â”‚   [0m[94melif[0m other_tz [95mis[0m [94mNone[0m:                                                [31m [0m
[31mâ”€â”€â”€â”€â”€â”€â”€â”€â”€â”€â”€â”€â”€â”€â”€â”€â”€â”€â”€â”€â”€â”€â”€â”€â”€â”€â”€â”€â”€â”€â”€â”€â”€â”€â”€â”€â”€â”€â”€â”€â”€â”€â”€â”€â”€â”€â”€â”€â”€â”€â”€â”€â”€â”€â”€â”€â”€â”€â”€â”€â”€â”€â”€â”€â”€â”€â”€â”€â”€â”€â”€â”€â”€â”€â”€â”€â”€â”€â”€â”€â”€â”€â”€â”€â”€â”€â”€â”€[0m
[1;91mTypeError: [0mCannot compare tz-naive and tz-aware datetime-like objects.

[3mThe above exception was the direct cause of the following exception:[0m

[31mâ”€â”€[0m[31mâ”€â”€â”€â”€â”€â”€â”€â”€â”€â”€â”€â”€â”€â”€â”€â”€â”€â”€â”€â”€â”€â”€â”€â”€[0m[31m [0m[1;31mTraceback [0m[1;2;31m(most recent call last)[0m[31m [0m[31mâ”€â”€â”€â”€â”€â”€â”€â”€â”€â”€â”€â”€â”€â”€â”€â”€â”€â”€â”€â”€â”€â”€â”€â”€â”€[0m[31mâ”€â”€[0m
[31m [0m [2m/home/rodrigo/real_options/venv/lib/python3.12/site-packages/streamlit/runtime/scrip[0m [31m [0m
[31m [0m [2mtrunner/[0m[1mexec_code.py[0m:129 in exec_func_with_error_handling                            [31m [0m
[31m [0m                                                                                      [31m [0m
[31m [0m [2m/home/rodrigo/real_options/venv/lib/python3.12/site-packages/streamlit/runtime/scrip[0m [31m [0m
[31m [0m [2mtrunner/[0m[1mscript_runner.py[0m:670 in code_to_exec                                         [31m [0m
[31m [0m                                                                                      [31m [0m
[31m [0m [2m/home/rodrigo/real_options/venv/lib/python3.12/site-packages/streamlit/runtime/scrip[0m [31m [0m
[31m [0m [2mtrunner/[0m[1mscript_runner.py[0m:166 in _mpa_v1                                              [31m [0m
[31m [0m                                                                                      [31m [0m
[31m [0m [2m/home/rodrigo/real_options/venv/lib/python3.12/site-packages/streamlit/navigation/[0m[1mpa[0m [31m [0m
[31m [0m [1mge.py[0m:310 in run                                                                     [31m [0m
[31m [0m                                                                                      [31m [0m
[31m [0m [2m/home/rodrigo/real_options/pages/[0m[1m2_The_Scorecard.py[0m:608 in <module>                  [31m [0m
[31m [0m                                                                                      [31m [0m
[31m [0m   [2m605 [0m[2mâ”‚   [0mdur_df = dur_df[dur_df[[33m'[0m[33mexit_ts[0m[33m'[0m].notna() & dur_df[[33m'[0m[33mentry_ts[0m[33m'[0m].notna()]    [31m [0m
[31m [0m   [2m606 [0m[2mâ”‚   [0m                                                                           [31m [0m
[31m [0m   [2m607 [0m[2mâ”‚   [0m[94mif[0m [95mnot[0m dur_df.empty:                                                       [31m [0m
[31m [0m [31mâ± [0m608 [2mâ”‚   â”‚   [0mdur_df[[33m'[0m[33mduration_hours[0m[33m'[0m] = ([1;4mdur_df[[0m[1;4;33m'[0m[1;4;33mexit_ts[0m[1;4;33m'[0m[1;4m] - dur_df[[0m[1;4;33m'[0m[1;4;33mentry_ts[0m[1;4;33m'[0m[1;4m][0m).dt [31m [0m
[31m [0m   [2m609 [0m[2mâ”‚   â”‚   [0m[2m# Filter out negative or implausible durations[0m                         [31m [0m
[31m [0m   [2m610 [0m[2mâ”‚   â”‚   [0mdur_df = dur_df[dur_df[[33m'[0m[33mduration_hours[0m[33m'[0m] > [94m0[0m]                          [31m [0m
[31m [0m   [2m611 [0m                                                                               [31m [0m
[31m [0m                                                                                      [31m [0m
[31m [0m [2m/home/rodrigo/real_options/venv/lib/python3.12/site-packages/pandas/core/ops/[0m[1mcommon.[0m [31m [0m
[31m [0m [1mpy[0m:76 in new_method                                                                  [31m [0m
[31m [0m                                                                                      [31m [0m
[31m [0m   [2m 73 [0m[2mâ”‚   â”‚   [0m                                                                       [31m [0m
[31m [0m   [2m 74 [0m[2mâ”‚   â”‚   [0mother = item_from_zerodim(other)                                       [31m [0m
[31m [0m   [2m 75 [0m[2mâ”‚   â”‚   [0m                                                                       [31m [0m
[31m [0m [31mâ± [0m 76 [2mâ”‚   â”‚   [0m[94mreturn[0m [1;4mmethod([0m[1;4;96mself[0m[1;4m, other)[0m                                             [31m [0m
[31m [0m   [2m 77 [0m[2mâ”‚   [0m                                                                           [31m [0m
[31m [0m   [2m 78 [0m[2mâ”‚   [0m[94mreturn[0m new_method                                                          [31m [0m
[31m [0m   [2m 79 [0m                                                                               [31m [0m
[31m [0m                                                                                      [31m [0m
[31m [0m [2m/home/rodrigo/real_options/venv/lib/python3.12/site-packages/pandas/core/[0m[1marraylike.p[0m [31m [0m
[31m [0m [1my[0m:194 in __sub__                                                                     [31m [0m
[31m [0m                                                                                      [31m [0m
[31m [0m   [2m191 [0m[2mâ”‚   [0m                                                                           [31m [0m
[31m [0m   [2m192 [0m[2mâ”‚   [0m[1;95m@unpack_zerodim_and_defer[0m([33m"[0m[33m__sub__[0m[33m"[0m)                                       [31m [0m
[31m [0m   [2m193 [0m[2mâ”‚   [0m[94mdef[0m[90m [0m[92m__sub__[0m([96mself[0m, other):                                                  [31m [0m
[31m [0m [31mâ± [0m194 [2mâ”‚   â”‚   [0m[94mreturn[0m [1;4;96mself[0m[1;4m._arith_method(other, operator.sub)[0m                         [31m [0m
[31m [0m   [2m195 [0m[2mâ”‚   [0m                                                                           [31m [0m
[31m [0m   [2m196 [0m[2mâ”‚   [0m[1;95m@unpack_zerodim_and_defer[0m([33m"[0m[33m__rsub__[0m[33m"[0m)                                      [31m [0m
[31m [0m   [2m197 [0m[2mâ”‚   [0m[94mdef[0m[90m [0m[92m__rsub__[0m([96mself[0m, other):                                                 [31m [0m
[31m [0m                                                                                      [31m [0m
[31m [0m [2m/home/rodrigo/real_options/venv/lib/python3.12/site-packages/pandas/core/[0m[1mseries.py[0m:6 [31m [0m
[31m [0m 154 in _arith_method                                                                 [31m [0m
[31m [0m                                                                                      [31m [0m
[31m [0m   [2m6151 [0m[2mâ”‚   [0m                                                                          [31m [0m
[31m [0m   [2m6152 [0m[2mâ”‚   [0m[94mdef[0m[90m [0m[92m_arith_method[0m([96mself[0m, other, op):                                       [31m [0m
[31m [0m   [2m6153 [0m[2mâ”‚   â”‚   [0m[96mself[0m, other = [96mself[0m._align_for_op(other)                               [31m [0m
[31m [0m [31mâ± [0m6154 [2mâ”‚   â”‚   [0m[94mreturn[0m [1;4mbase.IndexOpsMixin._arith_method([0m[1;4;96mself[0m[1;4m, other, op)[0m              [31m [0m
[31m [0m   [2m6155 [0m[2mâ”‚   [0m                                                                          [31m [0m
[31m [0m   [2m6156 [0m[2mâ”‚   [0m[94mdef[0m[90m [0m[92m_align_for_op[0m([96mself[0m, right, align_asobject: [96mbool[0m = [94mFalse[0m):             [31m [0m
[31m [0m   [2m6157 [0m[2;90mâ”‚   â”‚   [0m[33m"""align lhs and rhs Series"""[0m                                        [31m [0m
[31m [0m                                                                                      [31m [0m
[31m [0m [2m/home/rodrigo/real_options/venv/lib/python3.12/site-packages/pandas/core/[0m[1mbase.py[0m:139 [31m [0m
[31m [0m 1 in _arith_method                                                                   [31m [0m
[31m [0m                                                                                      [31m [0m
[31m [0m   [2m1388 [0m[2mâ”‚   â”‚   â”‚   [0mrvalues = np.arange(rvalues.start, rvalues.stop, rvalues.step)    [31m [0m
[31m [0m   [2m1389 [0m[2mâ”‚   â”‚   [0m                                                                      [31m [0m
[31m [0m   [2m1390 [0m[2mâ”‚   â”‚   [0m[94mwith[0m np.errstate([96mall[0m=[33m"[0m[33mignore[0m[33m"[0m):                                       [31m [0m
[31m [0m [31mâ± [0m1391 [2mâ”‚   â”‚   â”‚   [0mresult = [1;4mops.arithmetic_op(lvalues, rvalues, op)[0m                  [31m [0m
[31m [0m   [2m1392 [0m[2mâ”‚   â”‚   [0m                                                                      [31m [0m
[31m [0m   [2m1393 [0m[2mâ”‚   â”‚   [0m[94mreturn[0m [96mself[0m._construct_result(result, name=res_name)                  [31m [0m
[31m [0m   [2m1394 [0m                                                                              [31m [0m
[31m [0m                                                                                      [31m [0m
[31m [0m [2m/home/rodrigo/real_options/venv/lib/python3.12/site-packages/pandas/core/ops/[0m[1marray_o[0m [31m [0m
[31m [0m [1mps.py[0m:273 in arithmetic_op                                                           [31m [0m
[31m [0m                                                                                      [31m [0m
[31m [0m   [2m270 [0m[2mâ”‚   [0m):                                                                         [31m [0m
[31m [0m   [2m271 [0m[2mâ”‚   â”‚   [0m[2m# Timedelta/Timestamp and other custom scalars are included in the che[0m [31m [0m
[31m [0m   [2m272 [0m[2mâ”‚   â”‚   [0m[2m# because numexpr will fail on it, see GH#31457[0m                        [31m [0m
[31m [0m [31mâ± [0m273 [2mâ”‚   â”‚   [0mres_values = [1;4mop(left, right)[0m                                           [31m [0m
[31m [0m   [2m274 [0m[2mâ”‚   [0m[94melse[0m:                                                                      [31m [0m
[31m [0m   [2m275 [0m[2mâ”‚   â”‚   [0m[2m# TODO we should handle EAs consistently and move this check before th[0m [31m [0m
[31m [0m   [2m276 [0m[2mâ”‚   â”‚   [0m[2m# (https://github.com/pandas-dev/pandas/issues/41165)[0m                  [31m [0m
[31m [0m                                                                                      [31m [0m
[31m [0m [2m/home/rodrigo/real_options/venv/lib/python3.12/site-packages/pandas/core/ops/[0m[1mcommon.[0m [31m [0m
[31m [0m [1mpy[0m:76 in new_method                                                                  [31m [0m
[31m [0m                                                                                      [31m [0m
[31m [0m   [2m 73 [0m[2mâ”‚   â”‚   [0m                                                                       [31m [0m
[31m [0m   [2m 74 [0m[2mâ”‚   â”‚   [0mother = item_from_zerodim(other)                                       [31m [0m
[31m [0m   [2m 75 [0m[2mâ”‚   â”‚   [0m                                                                       [31m [0m
[31m [0m [31mâ± [0m 76 [2mâ”‚   â”‚   [0m[94mreturn[0m [1;4mmethod([0m[1;4;96mself[0m[1;4m, other)[0m                                             [31m [0m
[31m [0m   [2m 77 [0m[2mâ”‚   [0m                                                                           [31m [0m
[31m [0m   [2m 78 [0m[2mâ”‚   [0m[94mreturn[0m new_method                                                          [31m [0m
[31m [0m   [2m 79 [0m                                                                               [31m [0m
[31m [0m                                                                                      [31m [0m
[31m [0m [2m/home/rodrigo/real_options/venv/lib/python3.12/site-packages/pandas/core/arrays/[0m[1mdate[0m [31m [0m
[31m [0m [1mtimelike.py[0m:1482 in __sub__                                                          [31m [0m
[31m [0m                                                                                      [31m [0m
[31m [0m   [2m1479 [0m[2mâ”‚   â”‚   â”‚   [0mother_dtype, DatetimeTZDtype                                      [31m [0m
[31m [0m   [2m1480 [0m[2mâ”‚   â”‚   [0m):                                                                    [31m [0m
[31m [0m   [2m1481 [0m[2mâ”‚   â”‚   â”‚   [0m[2m# DatetimeIndex, ndarray[datetime64][0m                              [31m [0m
[31m [0m [31mâ± [0m1482 [2mâ”‚   â”‚   â”‚   [0mresult = [1;4;96mself[0m[1;4m._sub_datetime_arraylike(other)[0m                      [31m [0m
[31m [0m   [2m1483 [0m[2mâ”‚   â”‚   [0m[94melif[0m [96misinstance[0m(other_dtype, PeriodDtype):                            [31m [0m
[31m [0m   [2m1484 [0m[2mâ”‚   â”‚   â”‚   [0m[2m# PeriodIndex[0m                                                     [31m [0m
[31m [0m   [2m1485 [0m[2mâ”‚   â”‚   â”‚   [0mresult = [96mself[0m._sub_periodlike(other)                              [31m [0m
[31m [0m                                                                                      [31m [0m
[31m [0m [2m/home/rodrigo/real_options/venv/lib/python3.12/site-packages/pandas/core/arrays/[0m[1mdate[0m [31m [0m
[31m [0m [1mtimelike.py[0m:1179 in _sub_datetime_arraylike                                          [31m [0m
[31m [0m                                                                                      [31m [0m
[31m [0m   [2m1176 [0m[2mâ”‚   â”‚   [0m[96mself[0m = cast([33m"[0m[33mDatetimeArray[0m[33m"[0m, [96mself[0m)                                    [31m [0m
[31m [0m   [2m1177 [0m[2mâ”‚   â”‚   [0m                                                                      [31m [0m
[31m [0m   [2m1178 [0m[2mâ”‚   â”‚   [0m[96mself[0m, other = [96mself[0m._ensure_matching_resos(other)                      [31m [0m
[31m [0m [31mâ± [0m1179 [2mâ”‚   â”‚   [0m[94mreturn[0m [1;4;96mself[0m[1;4m._sub_datetimelike(other)[0m                                  [31m [0m
[31m [0m   [2m1180 [0m[2mâ”‚   [0m                                                                          [31m [0m
[31m [0m   [2m1181 [0m[2mâ”‚   [0m[1;95m@final[0m                                                                    [31m [0m
[31m [0m   [2m1182 [0m[2mâ”‚   [0m[94mdef[0m[90m [0m[92m_sub_datetimelike[0m([96mself[0m, other: Timestamp | DatetimeArray) -> Timedelt [31m [0m
[31m [0m                                                                                      [31m [0m
[31m [0m [2m/home/rodrigo/real_options/venv/lib/python3.12/site-packages/pandas/core/arrays/[0m[1mdate[0m [31m [0m
[31m [0m [1mtimelike.py[0m:1191 in _sub_datetimelike                                                [31m [0m
[31m [0m                                                                                      [31m [0m
[31m [0m   [2m1188 [0m[2mâ”‚   â”‚   â”‚   [0m[96mself[0m._assert_tzawareness_compat(other)                            [31m [0m
[31m [0m   [2m1189 [0m[2mâ”‚   â”‚   [0m[94mexcept[0m [96mTypeError[0m [94mas[0m err:                                              [31m [0m
[31m [0m   [2m1190 [0m[2mâ”‚   â”‚   â”‚   [0mnew_message = [96mstr[0m(err).replace([33m"[0m[33mcompare[0m[33m"[0m, [33m"[0m[33msubtract[0m[33m"[0m)             [31m [0m
[31m [0m [31mâ± [0m1191 [2mâ”‚   â”‚   â”‚   [0m[1;4;94mraise[0m[1;4m [0m[1;4;96mtype[0m[1;4m(err)(new_message) [0m[1;4;94mfrom[0m[1;4;90m [0m[1;4;96merr[0m                             [31m [0m
[31m [0m   [2m1192 [0m[2mâ”‚   â”‚   [0m                                                                      [31m [0m
[31m [0m   [2m1193 [0m[2mâ”‚   â”‚   [0mother_i8, o_mask = [96mself[0m._get_i8_values_and_mask(other)                [31m [0m
[31m [0m   [2m1194 [0m[2mâ”‚   â”‚   [0mres_values = add_overflowsafe([96mself[0m.asi8, np.asarray(-other_i8, dtype= [31m [0m
[31mâ”€â”€â”€â”€â”€â”€â”€â”€â”€â”€â”€â”€â”€â”€â”€â”€â”€â”€â”€â”€â”€â”€â”€â”€â”€â”€â”€â”€â”€â”€â”€â”€â”€â”€â”€â”€â”€â”€â”€â”€â”€â”€â”€â”€â”€â”€â”€â”€â”€â”€â”€â”€â”€â”€â”€â”€â”€â”€â”€â”€â”€â”€â”€â”€â”€â”€â”€â”€â”€â”€â”€â”€â”€â”€â”€â”€â”€â”€â”€â”€â”€â”€â”€â”€â”€â”€â”€â”€[0m
[1;91mTypeError: [0mCannot subtract tz-naive and tz-aware datetime-like objects.
2026-02-21 03:27:24.512 Please replace `use_container_width` with `width`.

`use_container_width` will be removed after 2025-12-31.

For `use_container_width=True`, use `width='stretch'`. For `use_container_width=False`, use `width='content'`.
/home/rodrigo/real_options/pages/4_Financials.py:356: UserWarning:

Converting to PeriodArray/Index representation will drop timezone information.

2026-02-21 03:27:51.116 Please replace `use_container_width` with `width`.

`use_container_width` will be removed after 2025-12-31.

For `use_container_width=True`, use `width='stretch'`. For `use_container_width=False`, use `width='content'`.
2026-02-21 03:27:52.234 Please replace `use_container_width` with `width`.

`use_container_width` will be removed after 2025-12-31.

For `use_container_width=True`, use `width='stretch'`. For `use_container_width=False`, use `width='content'`.
2026-02-21 03:27:52.301 Please replace `use_container_width` with `width`.

`use_container_width` will be removed after 2025-12-31.

For `use_container_width=True`, use `width='stretch'`. For `use_container_width=False`, use `width='content'`.
2026-02-21 03:27:52.352 Please replace `use_container_width` with `width`.

`use_container_width` will be removed after 2025-12-31.

For `use_container_width=True`, use `width='stretch'`. For `use_container_width=False`, use `width='content'`.
  Stopping...
