2026-02-02 17:25:30,672 - Orchestrator - INFO - =============================================
2026-02-02 17:25:30,672 - Orchestrator - INFO - === Starting the Trading Bot Orchestrator ===
2026-02-02 17:25:30,672 - Orchestrator - INFO - =============================================
2026-02-02 17:25:30,673 - Orchestrator - INFO - Budget Guard initialized. Daily limit: $15.0
2026-02-02 17:25:30,918 - Orchestrator - INFO - --- Processing Deferred Triggers ---
2026-02-02 17:25:30,918 - Orchestrator - INFO - No deferred triggers to process.
2026-02-02 17:25:30,918 - Orchestrator - INFO - Environment: DEV. Applying -10 minute 'Civil War' avoidance offset.
2026-02-02 17:25:30,919 - Orchestrator - INFO - Next task 'close_stale_positions' scheduled for 2026-02-02 17:35:00 UTC. Waiting for 0.16 hours.
2026-02-02 17:25:30,919 - Orchestrator - INFO - --- Starting Sentinel Array ---
2026-02-02 17:25:30,919 - trading_bot.sentinels - INFO - WeatherSentinel: Loaded 3 active alerts from disk
2026-02-02 17:25:31,415 - trading_bot.sentinels - INFO - XSentimentSentinel initialized with model: grok-4-1-fast-reasoning
2026-02-02 17:25:31,418 - trading_bot.sentinels - INFO - Loaded state for 1 prediction market topics
2026-02-02 17:25:31,421 - trading_bot.sentinels - INFO - PredictionMarketSentinel v2.0 initialized: 4 topics | min_liq=$10,000 | HWM decay=24h
2026-02-02 17:25:31,426 - Orchestrator - INFO - Market Open: Establishing Sentinel IB connection...
2026-02-02 17:25:31,426 - trading_bot.connection_pool - INFO - Connecting IB (sentinel) ID: 114...
2026-02-02 17:25:32,013 - trading_bot.connection_pool - INFO - IB (sentinel) connected successfully with ID 114
2026-02-02 17:25:32,024 - trading_bot.utils - INFO - üõ†Ô∏è Configuring Market Data: Requesting LIVE (Type 1) Data.
2026-02-02 17:25:32,024 - Orchestrator - INFO - Sentinel IB connected and injected into PriceSentinel.
2026-02-02 17:25:32,024 - root - INFO - Fetching 1 active futures contracts for KC on NYBOT...
2026-02-02 17:25:32,228 - root - INFO - Skipping contract KCH6 (Exp: 20260319): Expires < 45 days.
2026-02-02 17:25:32,229 - root - INFO - Found 10 active tradeable contracts (>=45d exp). Returning the first 1.
2026-02-02 17:25:32,230 - Orchestrator - INFO - Refreshed contract cache: KCK6
2026-02-02 17:25:32,230 - Orchestrator - INFO - Market Open: Engaging Microstructure Sentinel
2026-02-02 17:25:32,230 - trading_bot.connection_pool - INFO - Connecting IB (microstructure) ID: 207...
2026-02-02 17:25:32,407 - trading_bot.connection_pool - INFO - IB (microstructure) connected successfully with ID 207
2026-02-02 17:25:32,412 - trading_bot.utils - INFO - üõ†Ô∏è Configuring Market Data: Requesting LIVE (Type 1) Data.
2026-02-02 17:25:32,413 - trading_bot.microstructure_sentinel - INFO - MicrostructureSentinel initialized
2026-02-02 17:25:34,415 - trading_bot.microstructure_sentinel - INFO - Subscribed to microstructure for KCK6
2026-02-02 17:25:43,393 - trading_bot.rate_limiter - INFO - GlobalRateLimiter initialized: ['gemini', 'openai', 'anthropic', 'xai']
2026-02-02 17:26:02,754 - trading_bot.sentinels - WARNING - ‚ö†Ô∏è No relevant markets for 'US Recession Risk' (attempt 1).
2026-02-02 17:26:02,977 - trading_bot.sentinels - WARNING - ‚ö†Ô∏è No relevant markets for 'Fed Rate Path 2026' (attempt 1).
2026-02-02 17:26:02,982 - trading_bot.sentinels - INFO - PredictionMarket: 1 tracking, 3 unresolved | Active: FedRate
2026-02-02 17:31:04,386 - trading_bot.sentinels - INFO - PredictionMarket: 1 tracking, 3 unresolved | Active: FedRate
2026-02-02 17:35:00,005 - Orchestrator - INFO - --- Running scheduled task: close_stale_positions ---
2026-02-02 17:35:00,006 - OrderManager - INFO - --- Initiating position closing based on 2-day holding period ---
2026-02-02 17:35:00,012 - trading_bot.connection_pool - INFO - Connecting IB (order_manager) ID: 143...
2026-02-02 17:35:00,028 - ib_insync.wrapper - ERROR - Error 326, reqId -1: Unable to connect as the client id is already in use. Retry with a unique client id.
2026-02-02 17:35:00,529 - ib_insync.client - ERROR - Peer closed connection. clientId 143 already in use?
2026-02-02 17:35:15,020 - ib_insync.client - ERROR - API connection failed: TimeoutError()
2026-02-02 17:35:15,528 - trading_bot.connection_pool - ERROR - IB (order_manager) connection failed: . Next retry backoff: 10.0s
2026-02-02 17:35:15,538 - OrderManager - CRITICAL - A critical error occurred while closing positions: 
Traceback (most recent call last):
  File "/usr/lib/python3.12/asyncio/tasks.py", line 520, in wait_for
    return await fut
           ^^^^^^^^^
asyncio.exceptions.CancelledError

The above exception was the direct cause of the following exception:

Traceback (most recent call last):
  File "/home/rodrigo/real_options/trading_bot/order_manager.py", line 1349, in close_stale_positions
    ib = await IBConnectionPool.get_connection("order_manager", config)
         ^^^^^^^^^^^^^^^^^^^^^^^^^^^^^^^^^^^^^^^^^^^^^^^^^^^^^^^^^^^^^^
  File "/home/rodrigo/real_options/trading_bot/connection_pool.py", line 133, in get_connection
    await ib.connectAsync(
  File "/home/rodrigo/real_options/venv/lib/python3.12/site-packages/ib_insync/ib.py", line 1748, in connectAsync
    await self.client.connectAsync(host, port, clientId, timeout)
  File "/home/rodrigo/real_options/venv/lib/python3.12/site-packages/ib_insync/client.py", line 217, in connectAsync
    await asyncio.wait_for(self.apiStart, timeout)
  File "/usr/lib/python3.12/asyncio/tasks.py", line 519, in wait_for
    async with timeouts.timeout(timeout):
  File "/usr/lib/python3.12/asyncio/timeouts.py", line 115, in __aexit__
    raise TimeoutError from exc_val
TimeoutError

2026-02-02 17:35:15,854 - notifications - INFO - Pushover chunk sent successfully (Attachment: False).
2026-02-02 17:35:16,102 - notifications - INFO - Pushover chunk sent successfully (Attachment: False).
2026-02-02 17:35:16,105 - Orchestrator - INFO - Next task 'run_position_audit_cycle' scheduled for 2026-02-02 17:50:00 UTC. Waiting for 0.25 hours.
2026-02-02 17:36:05,745 - trading_bot.sentinels - INFO - PredictionMarket: 1 tracking, 3 unresolved | Active: FedRate
