2026-01-21 07:39:30,828 - Orchestrator - INFO - =============================================
2026-01-21 07:39:30,829 - Orchestrator - INFO - === Starting the Trading Bot Orchestrator ===
2026-01-21 07:39:30,829 - Orchestrator - INFO - =============================================
2026-01-21 07:39:31,138 - Orchestrator - INFO - Market Closed. Deferred triggers will remain queued.
2026-01-21 07:39:31,138 - Orchestrator - INFO - Environment: DEV. Applying -10 minute 'Civil War' avoidance offset.
2026-01-21 07:39:31,138 - Orchestrator - INFO - Next task 'start_monitoring' scheduled for 2026-01-21 08:20:00 UTC. Waiting for 0.67 hours.
2026-01-21 07:39:31,139 - Orchestrator - INFO - --- Starting Sentinel Array ---
2026-01-21 07:39:31,140 - trading_bot.connection_pool - INFO - Connecting IB (sentinel) ID: 112...
2026-01-21 07:39:31,262 - trading_bot.connection_pool - INFO - IB (sentinel) connected successfully with ID 112
2026-01-21 07:39:31,270 - trading_bot.utils - INFO - ðŸ› ï¸ Configuring Market Data: Requesting LIVE (Type 1) Data.
2026-01-21 07:39:31,527 - trading_bot.sentinels - INFO - XSentimentSentinel initialized with model: grok-4-1-fast-reasoning
2026-01-21 07:39:31,529 - root - INFO - Fetching 1 active futures contracts for KC on NYBOT...
2026-01-21 07:39:31,694 - root - INFO - Found 11 active tradeable contracts (>=45d exp). Returning the first 1.
2026-01-21 07:39:31,694 - Orchestrator - INFO - Refreshed contract cache: KCH6
2026-01-21 07:39:32,930 - trading_bot.sentinels - WARNING - WEATHER SENTINEL TRIGGERED: Drought Risk in SÃ£o Paulo: 10 days with < 5.0mm rain
2026-01-21 07:39:32,930 - Orchestrator - INFO - Duplicate trigger detected: 78ef6722
2026-01-21 08:20:00,005 - Orchestrator - INFO - --- Running scheduled task: start_monitoring ---
2026-01-21 08:20:00,008 - Orchestrator - INFO - Market is closed (weekend/holiday). Skipping position monitoring startup.
2026-01-21 08:20:00,009 - Orchestrator - INFO - Next task 'process_deferred_triggers' scheduled for 2026-01-21 08:21:00 UTC. Waiting for 0.02 hours.
2026-01-21 08:21:00,015 - Orchestrator - INFO - --- Running scheduled task: process_deferred_triggers ---
2026-01-21 08:21:00,019 - Orchestrator - INFO - Market is closed. Skipping deferred trigger processing (will retry at scheduled time).
2026-01-21 08:21:00,020 - Orchestrator - INFO - Next task 'run_position_audit_cycle' scheduled for 2026-01-21 13:20:00 UTC. Waiting for 4.98 hours.
2026-01-21 08:30:36,671 - Orchestrator - INFO - Market Open: Engaging Microstructure Sentinel
2026-01-21 08:30:36,672 - trading_bot.connection_pool - INFO - Connecting IB (microstructure) ID: 200...
2026-01-21 08:30:37,027 - trading_bot.connection_pool - INFO - IB (microstructure) connected successfully with ID 200
2026-01-21 08:30:37,031 - trading_bot.utils - INFO - ðŸ› ï¸ Configuring Market Data: Requesting LIVE (Type 1) Data.
2026-01-21 08:30:37,031 - trading_bot.microstructure_sentinel - INFO - MicrostructureSentinel initialized
2026-01-21 08:30:39,034 - trading_bot.microstructure_sentinel - INFO - Subscribed to microstructure for KCH6
2026-01-21 08:30:41,907 - httpx - INFO - HTTP Request: POST https://api.x.ai/v1/chat/completions "HTTP/1.1 200 OK"
2026-01-21 08:30:42,024 - trading_bot.sentinels - INFO - X API returned 0 posts for 'arabica prices (from:SpillingTheBean OR from:optima_t OR from:Reuters OR from:ICOcoffeeorg OR from:zerohedge OR from:Barchart OR from:WSJ) -meme -joke -spam -giveaway -airdrop -nft -crypto' (sort: recency)
2026-01-21 08:30:42,235 - httpx - INFO - HTTP Request: POST https://api.x.ai/v1/chat/completions "HTTP/1.1 200 OK"
2026-01-21 08:30:42,329 - trading_bot.sentinels - INFO - X API returned 0 posts for 'Vietnam robusta (from:SpillingTheBean OR from:optima_t OR from:Reuters OR from:ICOcoffeeorg OR from:zerohedge OR from:Barchart OR from:WSJ) -meme -joke -spam -giveaway -airdrop -nft -crypto' (sort: recency)
2026-01-21 08:30:42,615 - httpx - INFO - HTTP Request: POST https://api.x.ai/v1/chat/completions "HTTP/1.1 200 OK"
2026-01-21 08:30:42,695 - trading_bot.sentinels - INFO - X API returned 0 posts for 'coffee futures (from:SpillingTheBean OR from:optima_t OR from:Reuters OR from:ICOcoffeeorg OR from:zerohedge OR from:Barchart OR from:WSJ) -meme -joke -spam -giveaway -airdrop -nft -crypto' (sort: recency)
2026-01-21 08:30:43,120 - httpx - INFO - HTTP Request: POST https://api.x.ai/v1/chat/completions "HTTP/1.1 200 OK"
2026-01-21 08:30:43,199 - trading_bot.sentinels - INFO - X API returned 0 posts for 'US coffee tariffs (from:SpillingTheBean OR from:optima_t OR from:Reuters OR from:ICOcoffeeorg OR from:zerohedge OR from:Barchart OR from:WSJ) -meme -joke -spam -giveaway -airdrop -nft -crypto' (sort: recency)
2026-01-21 08:30:43,607 - httpx - INFO - HTTP Request: POST https://api.x.ai/v1/chat/completions "HTTP/1.1 200 OK"
2026-01-21 08:30:44,033 - httpx - INFO - HTTP Request: POST https://api.x.ai/v1/chat/completions "HTTP/1.1 200 OK"
2026-01-21 08:30:44,467 - httpx - INFO - HTTP Request: POST https://api.x.ai/v1/chat/completions "HTTP/1.1 200 OK"
2026-01-21 08:30:44,549 - trading_bot.sentinels - INFO - X API returned 0 posts for 'Brazil coffee harvest (from:SpillingTheBean OR from:optima_t OR from:Reuters OR from:ICOcoffeeorg OR from:zerohedge OR from:Barchart OR from:WSJ) -meme -joke -spam -giveaway -airdrop -nft -crypto' (sort: recency)
2026-01-21 08:30:44,727 - httpx - INFO - HTTP Request: POST https://api.x.ai/v1/chat/completions "HTTP/1.1 200 OK"
2026-01-21 08:30:45,740 - httpx - INFO - HTTP Request: POST https://api.x.ai/v1/chat/completions "HTTP/1.1 200 OK"
2026-01-21 08:30:45,798 - httpx - INFO - HTTP Request: POST https://api.x.ai/v1/chat/completions "HTTP/1.1 200 OK"
2026-01-21 08:30:45,823 - trading_bot.sentinels - INFO - X API returned 0 posts for 'CFTC coffee positioning (from:SpillingTheBean OR from:optima_t OR from:Reuters OR from:ICOcoffeeorg OR from:zerohedge OR from:Barchart OR from:WSJ) -meme -joke -spam -giveaway -airdrop -nft -crypto' (sort: recency)
2026-01-21 08:30:46,183 - httpx - INFO - HTTP Request: POST https://api.x.ai/v1/chat/completions "HTTP/1.1 200 OK"
2026-01-21 08:30:46,289 - trading_bot.sentinels - INFO - X API returned 0 posts for 'ICE coffee warehouse (from:SpillingTheBean OR from:optima_t OR from:Reuters OR from:ICOcoffeeorg OR from:zerohedge OR from:Barchart OR from:WSJ) -meme -joke -spam -giveaway -airdrop -nft -crypto' (sort: recency)
2026-01-21 08:30:47,334 - httpx - INFO - HTTP Request: POST https://api.x.ai/v1/chat/completions "HTTP/1.1 200 OK"
2026-01-21 08:30:48,085 - httpx - INFO - HTTP Request: POST https://api.x.ai/v1/chat/completions "HTTP/1.1 200 OK"
2026-01-21 08:30:48,169 - trading_bot.sentinels - INFO - X API returned 0 posts for 'Colombia coffee (from:SpillingTheBean OR from:optima_t OR from:Reuters OR from:ICOcoffeeorg OR from:zerohedge OR from:Barchart OR from:WSJ) -meme -joke -spam -giveaway -airdrop -nft -crypto' (sort: recency)
2026-01-21 08:30:49,644 - httpx - INFO - HTTP Request: POST https://api.x.ai/v1/chat/completions "HTTP/1.1 200 OK"
2026-01-21 08:30:51,031 - httpx - INFO - HTTP Request: POST https://api.x.ai/v1/chat/completions "HTTP/1.1 200 OK"
2026-01-21 08:30:56,028 - httpx - INFO - HTTP Request: POST https://api.x.ai/v1/chat/completions "HTTP/1.1 200 OK"
2026-01-21 09:01:00,280 - httpx - INFO - HTTP Request: POST https://api.x.ai/v1/chat/completions "HTTP/1.1 200 OK"
2026-01-21 09:01:00,471 - trading_bot.sentinels - INFO - X API returned 0 posts for 'US coffee tariffs (from:SpillingTheBean OR from:optima_t OR from:Reuters OR from:ICOcoffeeorg OR from:zerohedge OR from:Barchart OR from:WSJ) -meme -joke -spam -giveaway -airdrop -nft -crypto' (sort: recency)
2026-01-21 09:01:01,013 - httpx - INFO - HTTP Request: POST https://api.x.ai/v1/chat/completions "HTTP/1.1 200 OK"
2026-01-21 09:01:01,025 - httpx - INFO - HTTP Request: POST https://api.x.ai/v1/chat/completions "HTTP/1.1 200 OK"
2026-01-21 09:01:01,089 - trading_bot.sentinels - INFO - X API returned 0 posts for 'arabica prices (from:SpillingTheBean OR from:optima_t OR from:Reuters OR from:ICOcoffeeorg OR from:zerohedge OR from:Barchart OR from:WSJ) -meme -joke -spam -giveaway -airdrop -nft -crypto' (sort: recency)
2026-01-21 09:01:01,104 - trading_bot.sentinels - INFO - X API returned 0 posts for 'coffee futures (from:SpillingTheBean OR from:optima_t OR from:Reuters OR from:ICOcoffeeorg OR from:zerohedge OR from:Barchart OR from:WSJ) -meme -joke -spam -giveaway -airdrop -nft -crypto' (sort: recency)
2026-01-21 09:01:02,342 - httpx - INFO - HTTP Request: POST https://api.x.ai/v1/chat/completions "HTTP/1.1 200 OK"
2026-01-21 09:01:02,605 - httpx - INFO - HTTP Request: POST https://api.x.ai/v1/chat/completions "HTTP/1.1 200 OK"
2026-01-21 09:01:02,691 - httpx - INFO - HTTP Request: POST https://api.x.ai/v1/chat/completions "HTTP/1.1 200 OK"
2026-01-21 09:01:02,778 - trading_bot.sentinels - INFO - X API returned 0 posts for 'Brazil coffee harvest (from:SpillingTheBean OR from:optima_t OR from:Reuters OR from:ICOcoffeeorg OR from:zerohedge OR from:Barchart OR from:WSJ) -meme -joke -spam -giveaway -airdrop -nft -crypto' (sort: recency)
2026-01-21 09:01:03,102 - httpx - INFO - HTTP Request: POST https://api.x.ai/v1/chat/completions "HTTP/1.1 200 OK"
2026-01-21 09:01:03,208 - trading_bot.sentinels - INFO - X API returned 0 posts for 'ICE coffee warehouse (from:SpillingTheBean OR from:optima_t OR from:Reuters OR from:ICOcoffeeorg OR from:zerohedge OR from:Barchart OR from:WSJ) -meme -joke -spam -giveaway -airdrop -nft -crypto' (sort: recency)
2026-01-21 09:01:03,552 - httpx - INFO - HTTP Request: POST https://api.x.ai/v1/chat/completions "HTTP/1.1 200 OK"
2026-01-21 09:01:03,578 - httpx - INFO - HTTP Request: POST https://api.x.ai/v1/chat/completions "HTTP/1.1 200 OK"
2026-01-21 09:01:03,638 - trading_bot.sentinels - INFO - X API returned 0 posts for 'Vietnam robusta (from:SpillingTheBean OR from:optima_t OR from:Reuters OR from:ICOcoffeeorg OR from:zerohedge OR from:Barchart OR from:WSJ) -meme -joke -spam -giveaway -airdrop -nft -crypto' (sort: recency)
2026-01-21 09:01:03,663 - trading_bot.sentinels - INFO - X API returned 0 posts for 'CFTC coffee positioning (from:SpillingTheBean OR from:optima_t OR from:Reuters OR from:ICOcoffeeorg OR from:zerohedge OR from:Barchart OR from:WSJ) -meme -joke -spam -giveaway -airdrop -nft -crypto' (sort: recency)
2026-01-21 09:01:03,880 - httpx - INFO - HTTP Request: POST https://api.x.ai/v1/chat/completions "HTTP/1.1 200 OK"
2026-01-21 09:01:05,244 - httpx - INFO - HTTP Request: POST https://api.x.ai/v1/chat/completions "HTTP/1.1 200 OK"
2026-01-21 09:01:05,418 - httpx - INFO - HTTP Request: POST https://api.x.ai/v1/chat/completions "HTTP/1.1 200 OK"
2026-01-21 09:01:06,460 - httpx - INFO - HTTP Request: POST https://api.x.ai/v1/chat/completions "HTTP/1.1 200 OK"
2026-01-21 09:01:07,446 - httpx - INFO - HTTP Request: POST https://api.x.ai/v1/chat/completions "HTTP/1.1 200 OK"
2026-01-21 09:01:07,541 - trading_bot.sentinels - INFO - X API returned 0 posts for 'Colombia coffee (from:SpillingTheBean OR from:optima_t OR from:Reuters OR from:ICOcoffeeorg OR from:zerohedge OR from:Barchart OR from:WSJ) -meme -joke -spam -giveaway -airdrop -nft -crypto' (sort: recency)
2026-01-21 09:01:07,678 - httpx - INFO - HTTP Request: POST https://api.x.ai/v1/chat/completions "HTTP/1.1 200 OK"
2026-01-21 09:01:11,102 - httpx - INFO - HTTP Request: POST https://api.x.ai/v1/chat/completions "HTTP/1.1 200 OK"
2026-01-21 09:31:14,451 - httpx - INFO - HTTP Request: POST https://api.x.ai/v1/chat/completions "HTTP/1.1 200 OK"
2026-01-21 09:31:14,539 - trading_bot.sentinels - INFO - X API returned 0 posts for 'Vietnam robusta (from:SpillingTheBean OR from:optima_t OR from:Reuters OR from:ICOcoffeeorg OR from:zerohedge OR from:Barchart OR from:WSJ) -meme -joke -spam -giveaway -airdrop -nft -crypto' (sort: recency)
2026-01-21 09:31:14,800 - httpx - INFO - HTTP Request: POST https://api.x.ai/v1/chat/completions "HTTP/1.1 200 OK"
2026-01-21 09:31:14,855 - httpx - INFO - HTTP Request: POST https://api.x.ai/v1/chat/completions "HTTP/1.1 200 OK"
2026-01-21 09:31:14,880 - trading_bot.sentinels - INFO - X API returned 0 posts for 'coffee futures (from:SpillingTheBean OR from:optima_t OR from:Reuters OR from:ICOcoffeeorg OR from:zerohedge OR from:Barchart OR from:WSJ) -meme -joke -spam -giveaway -airdrop -nft -crypto' (sort: recency)
2026-01-21 09:31:14,932 - trading_bot.sentinels - INFO - X API returned 0 posts for 'US coffee tariffs (from:SpillingTheBean OR from:optima_t OR from:Reuters OR from:ICOcoffeeorg OR from:zerohedge OR from:Barchart OR from:WSJ) -meme -joke -spam -giveaway -airdrop -nft -crypto' (sort: recency)
2026-01-21 09:31:14,990 - httpx - INFO - HTTP Request: POST https://api.x.ai/v1/chat/completions "HTTP/1.1 200 OK"
2026-01-21 09:31:15,094 - trading_bot.sentinels - INFO - X API returned 0 posts for 'arabica prices (from:SpillingTheBean OR from:optima_t OR from:Reuters OR from:ICOcoffeeorg OR from:zerohedge OR from:Barchart OR from:WSJ) -meme -joke -spam -giveaway -airdrop -nft -crypto' (sort: recency)
2026-01-21 09:31:15,820 - httpx - INFO - HTTP Request: POST https://api.x.ai/v1/chat/completions "HTTP/1.1 200 OK"
2026-01-21 09:31:15,897 - trading_bot.sentinels - INFO - X API returned 0 posts for 'Brazil coffee harvest (from:SpillingTheBean OR from:optima_t OR from:Reuters OR from:ICOcoffeeorg OR from:zerohedge OR from:Barchart OR from:WSJ) -meme -joke -spam -giveaway -airdrop -nft -crypto' (sort: recency)
2026-01-21 09:31:16,399 - httpx - INFO - HTTP Request: POST https://api.x.ai/v1/chat/completions "HTTP/1.1 200 OK"
2026-01-21 09:31:16,452 - httpx - INFO - HTTP Request: POST https://api.x.ai/v1/chat/completions "HTTP/1.1 200 OK"
2026-01-21 09:31:16,536 - trading_bot.sentinels - INFO - X API returned 0 posts for 'CFTC coffee positioning (from:SpillingTheBean OR from:optima_t OR from:Reuters OR from:ICOcoffeeorg OR from:zerohedge OR from:Barchart OR from:WSJ) -meme -joke -spam -giveaway -airdrop -nft -crypto' (sort: recency)
2026-01-21 09:31:16,887 - httpx - INFO - HTTP Request: POST https://api.x.ai/v1/chat/completions "HTTP/1.1 200 OK"
2026-01-21 09:31:16,953 - httpx - INFO - HTTP Request: POST https://api.x.ai/v1/chat/completions "HTTP/1.1 200 OK"
2026-01-21 09:31:16,974 - trading_bot.sentinels - INFO - X API returned 0 posts for 'Colombia coffee (from:SpillingTheBean OR from:optima_t OR from:Reuters OR from:ICOcoffeeorg OR from:zerohedge OR from:Barchart OR from:WSJ) -meme -joke -spam -giveaway -airdrop -nft -crypto' (sort: recency)
2026-01-21 09:31:17,039 - trading_bot.sentinels - INFO - X API returned 0 posts for 'ICE coffee warehouse (from:SpillingTheBean OR from:optima_t OR from:Reuters OR from:ICOcoffeeorg OR from:zerohedge OR from:Barchart OR from:WSJ) -meme -joke -spam -giveaway -airdrop -nft -crypto' (sort: recency)
2026-01-21 09:31:17,354 - httpx - INFO - HTTP Request: POST https://api.x.ai/v1/chat/completions "HTTP/1.1 200 OK"
2026-01-21 09:31:17,766 - httpx - INFO - HTTP Request: POST https://api.x.ai/v1/chat/completions "HTTP/1.1 200 OK"
2026-01-21 09:31:18,045 - httpx - INFO - HTTP Request: POST https://api.x.ai/v1/chat/completions "HTTP/1.1 200 OK"
2026-01-21 09:31:18,084 - httpx - INFO - HTTP Request: POST https://api.x.ai/v1/chat/completions "HTTP/1.1 200 OK"
2026-01-21 09:31:18,518 - httpx - INFO - HTTP Request: POST https://api.x.ai/v1/chat/completions "HTTP/1.1 200 OK"
2026-01-21 09:31:19,496 - httpx - INFO - HTTP Request: POST https://api.x.ai/v1/chat/completions "HTTP/1.1 200 OK"
2026-01-21 09:31:21,711 - httpx - INFO - HTTP Request: POST https://api.x.ai/v1/chat/completions "HTTP/1.1 200 OK"
2026-01-21 10:01:26,138 - httpx - INFO - HTTP Request: POST https://api.x.ai/v1/chat/completions "HTTP/1.1 200 OK"
2026-01-21 10:01:26,231 - trading_bot.sentinels - INFO - X API returned 0 posts for 'coffee futures (from:SpillingTheBean OR from:optima_t OR from:Reuters OR from:ICOcoffeeorg OR from:zerohedge OR from:Barchart OR from:WSJ) -meme -joke -spam -giveaway -airdrop -nft -crypto' (sort: recency)
2026-01-21 10:01:26,233 - httpx - INFO - HTTP Request: POST https://api.x.ai/v1/chat/completions "HTTP/1.1 200 OK"
2026-01-21 10:01:26,320 - trading_bot.sentinels - INFO - X API returned 0 posts for 'Colombia coffee (from:SpillingTheBean OR from:optima_t OR from:Reuters OR from:ICOcoffeeorg OR from:zerohedge OR from:Barchart OR from:WSJ) -meme -joke -spam -giveaway -airdrop -nft -crypto' (sort: recency)
2026-01-21 10:01:26,356 - httpx - INFO - HTTP Request: POST https://api.x.ai/v1/chat/completions "HTTP/1.1 200 OK"
2026-01-21 10:01:26,440 - trading_bot.sentinels - INFO - X API returned 0 posts for 'arabica prices (from:SpillingTheBean OR from:optima_t OR from:Reuters OR from:ICOcoffeeorg OR from:zerohedge OR from:Barchart OR from:WSJ) -meme -joke -spam -giveaway -airdrop -nft -crypto' (sort: recency)
2026-01-21 10:01:26,467 - httpx - INFO - HTTP Request: POST https://api.x.ai/v1/chat/completions "HTTP/1.1 200 OK"
2026-01-21 10:01:26,470 - httpx - INFO - HTTP Request: POST https://api.x.ai/v1/chat/completions "HTTP/1.1 200 OK"
2026-01-21 10:01:26,491 - httpx - INFO - HTTP Request: POST https://api.x.ai/v1/chat/completions "HTTP/1.1 200 OK"
2026-01-21 10:01:26,549 - trading_bot.sentinels - INFO - X API returned 0 posts for 'Brazil coffee harvest (from:SpillingTheBean OR from:optima_t OR from:Reuters OR from:ICOcoffeeorg OR from:zerohedge OR from:Barchart OR from:WSJ) -meme -joke -spam -giveaway -airdrop -nft -crypto' (sort: recency)
2026-01-21 10:01:26,557 - trading_bot.sentinels - INFO - X API returned 0 posts for 'ICE coffee warehouse (from:SpillingTheBean OR from:optima_t OR from:Reuters OR from:ICOcoffeeorg OR from:zerohedge OR from:Barchart OR from:WSJ) -meme -joke -spam -giveaway -airdrop -nft -crypto' (sort: recency)
2026-01-21 10:01:26,574 - trading_bot.sentinels - INFO - X API returned 0 posts for 'CFTC coffee positioning (from:SpillingTheBean OR from:optima_t OR from:Reuters OR from:ICOcoffeeorg OR from:zerohedge OR from:Barchart OR from:WSJ) -meme -joke -spam -giveaway -airdrop -nft -crypto' (sort: recency)
2026-01-21 10:01:27,391 - httpx - INFO - HTTP Request: POST https://api.x.ai/v1/chat/completions "HTTP/1.1 200 OK"
2026-01-21 10:01:27,469 - trading_bot.sentinels - INFO - X API returned 0 posts for 'Vietnam robusta (from:SpillingTheBean OR from:optima_t OR from:Reuters OR from:ICOcoffeeorg OR from:zerohedge OR from:Barchart OR from:WSJ) -meme -joke -spam -giveaway -airdrop -nft -crypto' (sort: recency)
2026-01-21 10:01:27,689 - httpx - INFO - HTTP Request: POST https://api.x.ai/v1/chat/completions "HTTP/1.1 200 OK"
2026-01-21 10:01:27,772 - trading_bot.sentinels - INFO - X API returned 0 posts for 'US coffee tariffs (from:SpillingTheBean OR from:optima_t OR from:Reuters OR from:ICOcoffeeorg OR from:zerohedge OR from:Barchart OR from:WSJ) -meme -joke -spam -giveaway -airdrop -nft -crypto' (sort: recency)
2026-01-21 10:01:29,052 - httpx - INFO - HTTP Request: POST https://api.x.ai/v1/chat/completions "HTTP/1.1 200 OK"
2026-01-21 10:01:29,292 - httpx - INFO - HTTP Request: POST https://api.x.ai/v1/chat/completions "HTTP/1.1 200 OK"
2026-01-21 10:01:29,313 - httpx - INFO - HTTP Request: POST https://api.x.ai/v1/chat/completions "HTTP/1.1 200 OK"
2026-01-21 10:01:29,342 - httpx - INFO - HTTP Request: POST https://api.x.ai/v1/chat/completions "HTTP/1.1 200 OK"
2026-01-21 10:01:29,538 - httpx - INFO - HTTP Request: POST https://api.x.ai/v1/chat/completions "HTTP/1.1 200 OK"
2026-01-21 10:01:29,695 - httpx - INFO - HTTP Request: POST https://api.x.ai/v1/chat/completions "HTTP/1.1 200 OK"
2026-01-21 10:01:30,164 - httpx - INFO - HTTP Request: POST https://api.x.ai/v1/chat/completions "HTTP/1.1 200 OK"
2026-01-21 10:01:31,521 - httpx - INFO - HTTP Request: POST https://api.x.ai/v1/chat/completions "HTTP/1.1 200 OK"
2026-01-21 10:31:35,487 - httpx - INFO - HTTP Request: POST https://api.x.ai/v1/chat/completions "HTTP/1.1 200 OK"
2026-01-21 10:31:35,561 - httpx - INFO - HTTP Request: POST https://api.x.ai/v1/chat/completions "HTTP/1.1 200 OK"
2026-01-21 10:31:35,601 - trading_bot.sentinels - INFO - X API returned 0 posts for 'Vietnam robusta (from:SpillingTheBean OR from:optima_t OR from:Reuters OR from:ICOcoffeeorg OR from:zerohedge OR from:Barchart OR from:WSJ) -meme -joke -spam -giveaway -airdrop -nft -crypto' (sort: recency)
2026-01-21 10:31:35,640 - trading_bot.sentinels - INFO - X API returned 0 posts for 'arabica prices (from:SpillingTheBean OR from:optima_t OR from:Reuters OR from:ICOcoffeeorg OR from:zerohedge OR from:Barchart OR from:WSJ) -meme -joke -spam -giveaway -airdrop -nft -crypto' (sort: recency)
2026-01-21 10:31:35,962 - httpx - INFO - HTTP Request: POST https://api.x.ai/v1/chat/completions "HTTP/1.1 200 OK"
2026-01-21 10:31:36,020 - httpx - INFO - HTTP Request: POST https://api.x.ai/v1/chat/completions "HTTP/1.1 200 OK"
2026-01-21 10:31:36,059 - trading_bot.sentinels - INFO - X API returned 0 posts for 'coffee futures (from:SpillingTheBean OR from:optima_t OR from:Reuters OR from:ICOcoffeeorg OR from:zerohedge OR from:Barchart OR from:WSJ) -meme -joke -spam -giveaway -airdrop -nft -crypto' (sort: recency)
2026-01-21 10:31:36,130 - trading_bot.sentinels - INFO - X API returned 0 posts for 'ICE coffee warehouse (from:SpillingTheBean OR from:optima_t OR from:Reuters OR from:ICOcoffeeorg OR from:zerohedge OR from:Barchart OR from:WSJ) -meme -joke -spam -giveaway -airdrop -nft -crypto' (sort: recency)
2026-01-21 10:31:36,216 - httpx - INFO - HTTP Request: POST https://api.x.ai/v1/chat/completions "HTTP/1.1 200 OK"
2026-01-21 10:31:36,246 - httpx - INFO - HTTP Request: POST https://api.x.ai/v1/chat/completions "HTTP/1.1 200 OK"
2026-01-21 10:31:36,262 - httpx - INFO - HTTP Request: POST https://api.x.ai/v1/chat/completions "HTTP/1.1 200 OK"
2026-01-21 10:31:36,300 - trading_bot.sentinels - INFO - X API returned 0 posts for 'US coffee tariffs (from:SpillingTheBean OR from:optima_t OR from:Reuters OR from:ICOcoffeeorg OR from:zerohedge OR from:Barchart OR from:WSJ) -meme -joke -spam -giveaway -airdrop -nft -crypto' (sort: recency)
2026-01-21 10:31:36,332 - trading_bot.sentinels - INFO - X API returned 0 posts for 'Colombia coffee (from:SpillingTheBean OR from:optima_t OR from:Reuters OR from:ICOcoffeeorg OR from:zerohedge OR from:Barchart OR from:WSJ) -meme -joke -spam -giveaway -airdrop -nft -crypto' (sort: recency)
2026-01-21 10:31:36,352 - trading_bot.sentinels - INFO - X API returned 0 posts for 'Brazil coffee harvest (from:SpillingTheBean OR from:optima_t OR from:Reuters OR from:ICOcoffeeorg OR from:zerohedge OR from:Barchart OR from:WSJ) -meme -joke -spam -giveaway -airdrop -nft -crypto' (sort: recency)
2026-01-21 10:31:36,884 - httpx - INFO - HTTP Request: POST https://api.x.ai/v1/chat/completions "HTTP/1.1 200 OK"
2026-01-21 10:31:36,965 - trading_bot.sentinels - INFO - X API returned 0 posts for 'CFTC coffee positioning (from:SpillingTheBean OR from:optima_t OR from:Reuters OR from:ICOcoffeeorg OR from:zerohedge OR from:Barchart OR from:WSJ) -meme -joke -spam -giveaway -airdrop -nft -crypto' (sort: recency)
2026-01-21 10:31:38,183 - httpx - INFO - HTTP Request: POST https://api.x.ai/v1/chat/completions "HTTP/1.1 200 OK"
2026-01-21 10:31:38,214 - httpx - INFO - HTTP Request: POST https://api.x.ai/v1/chat/completions "HTTP/1.1 200 OK"
2026-01-21 10:31:38,299 - httpx - INFO - HTTP Request: POST https://api.x.ai/v1/chat/completions "HTTP/1.1 200 OK"
2026-01-21 10:31:38,770 - httpx - INFO - HTTP Request: POST https://api.x.ai/v1/chat/completions "HTTP/1.1 200 OK"
2026-01-21 10:31:38,792 - httpx - INFO - HTTP Request: POST https://api.x.ai/v1/chat/completions "HTTP/1.1 200 OK"
2026-01-21 10:31:39,484 - httpx - INFO - HTTP Request: POST https://api.x.ai/v1/chat/completions "HTTP/1.1 200 OK"
2026-01-21 10:31:40,050 - httpx - INFO - HTTP Request: POST https://api.x.ai/v1/chat/completions "HTTP/1.1 200 OK"
2026-01-21 10:31:40,273 - httpx - INFO - HTTP Request: POST https://api.x.ai/v1/chat/completions "HTTP/1.1 200 OK"
2026-01-21 11:01:44,211 - httpx - INFO - HTTP Request: POST https://api.x.ai/v1/chat/completions "HTTP/1.1 200 OK"
2026-01-21 11:01:44,322 - trading_bot.sentinels - INFO - X API returned 0 posts for 'arabica prices (from:SpillingTheBean OR from:optima_t OR from:Reuters OR from:ICOcoffeeorg OR from:zerohedge OR from:Barchart OR from:WSJ) -meme -joke -spam -giveaway -airdrop -nft -crypto' (sort: recency)
2026-01-21 11:01:44,684 - httpx - INFO - HTTP Request: POST https://api.x.ai/v1/chat/completions "HTTP/1.1 200 OK"
2026-01-21 11:01:44,786 - trading_bot.sentinels - INFO - X API returned 0 posts for 'ICE coffee warehouse (from:SpillingTheBean OR from:optima_t OR from:Reuters OR from:ICOcoffeeorg OR from:zerohedge OR from:Barchart OR from:WSJ) -meme -joke -spam -giveaway -airdrop -nft -crypto' (sort: recency)
2026-01-21 11:01:44,822 - httpx - INFO - HTTP Request: POST https://api.x.ai/v1/chat/completions "HTTP/1.1 200 OK"
2026-01-21 11:01:44,914 - trading_bot.sentinels - INFO - X API returned 0 posts for 'Vietnam robusta (from:SpillingTheBean OR from:optima_t OR from:Reuters OR from:ICOcoffeeorg OR from:zerohedge OR from:Barchart OR from:WSJ) -meme -joke -spam -giveaway -airdrop -nft -crypto' (sort: recency)
2026-01-21 11:01:45,008 - httpx - INFO - HTTP Request: POST https://api.x.ai/v1/chat/completions "HTTP/1.1 200 OK"
2026-01-21 11:01:45,107 - trading_bot.sentinels - INFO - X API returned 0 posts for 'US coffee tariffs (from:SpillingTheBean OR from:optima_t OR from:Reuters OR from:ICOcoffeeorg OR from:zerohedge OR from:Barchart OR from:WSJ) -meme -joke -spam -giveaway -airdrop -nft -crypto' (sort: recency)
2026-01-21 11:01:45,297 - httpx - INFO - HTTP Request: POST https://api.x.ai/v1/chat/completions "HTTP/1.1 200 OK"
2026-01-21 11:01:45,407 - trading_bot.sentinels - INFO - X API returned 0 posts for 'Brazil coffee harvest (from:SpillingTheBean OR from:optima_t OR from:Reuters OR from:ICOcoffeeorg OR from:zerohedge OR from:Barchart OR from:WSJ) -meme -joke -spam -giveaway -airdrop -nft -crypto' (sort: recency)
2026-01-21 11:01:45,536 - httpx - INFO - HTTP Request: POST https://api.x.ai/v1/chat/completions "HTTP/1.1 200 OK"
2026-01-21 11:01:45,623 - trading_bot.sentinels - INFO - X API returned 0 posts for 'coffee futures (from:SpillingTheBean OR from:optima_t OR from:Reuters OR from:ICOcoffeeorg OR from:zerohedge OR from:Barchart OR from:WSJ) -meme -joke -spam -giveaway -airdrop -nft -crypto' (sort: recency)
2026-01-21 11:01:46,074 - httpx - INFO - HTTP Request: POST https://api.x.ai/v1/chat/completions "HTTP/1.1 200 OK"
2026-01-21 11:01:46,160 - trading_bot.sentinels - INFO - X API returned 0 posts for 'Colombia coffee (from:SpillingTheBean OR from:optima_t OR from:Reuters OR from:ICOcoffeeorg OR from:zerohedge OR from:Barchart OR from:WSJ) -meme -joke -spam -giveaway -airdrop -nft -crypto' (sort: recency)
2026-01-21 11:01:46,330 - httpx - INFO - HTTP Request: POST https://api.x.ai/v1/chat/completions "HTTP/1.1 200 OK"
2026-01-21 11:01:46,638 - httpx - INFO - HTTP Request: POST https://api.x.ai/v1/chat/completions "HTTP/1.1 200 OK"
2026-01-21 11:01:46,718 - trading_bot.sentinels - INFO - X API returned 0 posts for 'CFTC coffee positioning (from:SpillingTheBean OR from:optima_t OR from:Reuters OR from:ICOcoffeeorg OR from:zerohedge OR from:Barchart OR from:WSJ) -meme -joke -spam -giveaway -airdrop -nft -crypto' (sort: recency)
2026-01-21 11:01:47,866 - httpx - INFO - HTTP Request: POST https://api.x.ai/v1/chat/completions "HTTP/1.1 200 OK"
2026-01-21 11:01:48,088 - httpx - INFO - HTTP Request: POST https://api.x.ai/v1/chat/completions "HTTP/1.1 200 OK"
2026-01-21 11:01:48,206 - httpx - INFO - HTTP Request: POST https://api.x.ai/v1/chat/completions "HTTP/1.1 200 OK"
2026-01-21 11:01:48,262 - httpx - INFO - HTTP Request: POST https://api.x.ai/v1/chat/completions "HTTP/1.1 200 OK"
2026-01-21 11:01:48,264 - httpx - INFO - HTTP Request: POST https://api.x.ai/v1/chat/completions "HTTP/1.1 200 OK"
2026-01-21 11:01:48,293 - httpx - INFO - HTTP Request: POST https://api.x.ai/v1/chat/completions "HTTP/1.1 200 OK"
2026-01-21 11:01:49,333 - httpx - INFO - HTTP Request: POST https://api.x.ai/v1/chat/completions "HTTP/1.1 200 OK"
2026-01-21 11:34:49,624 - openai._base_client - INFO - Retrying request to /chat/completions in 0.474218 seconds
2026-01-21 11:34:49,625 - openai._base_client - INFO - Retrying request to /chat/completions in 0.387687 seconds
2026-01-21 11:34:49,625 - openai._base_client - INFO - Retrying request to /chat/completions in 0.427988 seconds
2026-01-21 11:34:49,627 - openai._base_client - INFO - Retrying request to /chat/completions in 0.386629 seconds
2026-01-21 11:34:49,628 - openai._base_client - INFO - Retrying request to /chat/completions in 0.388294 seconds
2026-01-21 11:34:49,628 - openai._base_client - INFO - Retrying request to /chat/completions in 0.384951 seconds
2026-01-21 11:34:49,629 - openai._base_client - INFO - Retrying request to /chat/completions in 0.481499 seconds
2026-01-21 11:34:49,629 - openai._base_client - INFO - Retrying request to /chat/completions in 0.441369 seconds
2026-01-21 11:35:58,203 - httpx - INFO - HTTP Request: POST https://api.x.ai/v1/chat/completions "HTTP/1.1 502 Bad Gateway"
2026-01-21 11:35:58,204 - openai._base_client - INFO - Retrying request to /chat/completions in 0.779692 seconds
2026-01-21 11:37:50,037 - openai._base_client - INFO - Retrying request to /chat/completions in 0.921832 seconds
2026-01-21 11:37:50,038 - openai._base_client - INFO - Retrying request to /chat/completions in 0.877185 seconds
2026-01-21 11:37:50,041 - openai._base_client - INFO - Retrying request to /chat/completions in 0.900528 seconds
2026-01-21 11:37:50,041 - openai._base_client - INFO - Retrying request to /chat/completions in 0.973225 seconds
2026-01-21 11:37:50,066 - openai._base_client - INFO - Retrying request to /chat/completions in 0.937115 seconds
2026-01-21 11:37:50,084 - openai._base_client - INFO - Retrying request to /chat/completions in 0.962908 seconds
2026-01-21 11:37:50,124 - openai._base_client - INFO - Retrying request to /chat/completions in 0.922992 seconds
2026-01-21 11:38:58,994 - trading_bot.sentinels - ERROR - X search failed for query 'Colombia coffee': Request timed out.
Traceback (most recent call last):
  File "/home/rodrigo/real_options/venv/lib/python3.12/site-packages/httpx/_transports/default.py", line 101, in map_httpcore_exceptions
    yield
  File "/home/rodrigo/real_options/venv/lib/python3.12/site-packages/httpx/_transports/default.py", line 394, in handle_async_request
    resp = await self._pool.handle_async_request(req)
           ^^^^^^^^^^^^^^^^^^^^^^^^^^^^^^^^^^^^^^^^^^
  File "/home/rodrigo/real_options/venv/lib/python3.12/site-packages/httpcore/_async/connection_pool.py", line 256, in handle_async_request
    raise exc from None
  File "/home/rodrigo/real_options/venv/lib/python3.12/site-packages/httpcore/_async/connection_pool.py", line 236, in handle_async_request
    response = await connection.handle_async_request(
               ^^^^^^^^^^^^^^^^^^^^^^^^^^^^^^^^^^^^^^
  File "/home/rodrigo/real_options/venv/lib/python3.12/site-packages/httpcore/_async/connection.py", line 103, in handle_async_request
    return await self._connection.handle_async_request(request)
           ^^^^^^^^^^^^^^^^^^^^^^^^^^^^^^^^^^^^^^^^^^^^^^^^^^^^
  File "/home/rodrigo/real_options/venv/lib/python3.12/site-packages/httpcore/_async/http11.py", line 136, in handle_async_request
    raise exc
  File "/home/rodrigo/real_options/venv/lib/python3.12/site-packages/httpcore/_async/http11.py", line 106, in handle_async_request
    ) = await self._receive_response_headers(**kwargs)
        ^^^^^^^^^^^^^^^^^^^^^^^^^^^^^^^^^^^^^^^^^^^^^^
  File "/home/rodrigo/real_options/venv/lib/python3.12/site-packages/httpcore/_async/http11.py", line 177, in _receive_response_headers
    event = await self._receive_event(timeout=timeout)
            ^^^^^^^^^^^^^^^^^^^^^^^^^^^^^^^^^^^^^^^^^^
  File "/home/rodrigo/real_options/venv/lib/python3.12/site-packages/httpcore/_async/http11.py", line 217, in _receive_event
    data = await self._network_stream.read(
           ^^^^^^^^^^^^^^^^^^^^^^^^^^^^^^^^
  File "/home/rodrigo/real_options/venv/lib/python3.12/site-packages/httpcore/_backends/anyio.py", line 32, in read
    with map_exceptions(exc_map):
  File "/usr/lib/python3.12/contextlib.py", line 158, in __exit__
    self.gen.throw(value)
  File "/home/rodrigo/real_options/venv/lib/python3.12/site-packages/httpcore/_exceptions.py", line 14, in map_exceptions
    raise to_exc(exc) from exc
httpcore.ReadTimeout

The above exception was the direct cause of the following exception:

Traceback (most recent call last):
  File "/home/rodrigo/real_options/venv/lib/python3.12/site-packages/openai/_base_client.py", line 1532, in request
    response = await self._client.send(
               ^^^^^^^^^^^^^^^^^^^^^^^^
  File "/home/rodrigo/real_options/venv/lib/python3.12/site-packages/httpx/_client.py", line 1629, in send
    response = await self._send_handling_auth(
               ^^^^^^^^^^^^^^^^^^^^^^^^^^^^^^^
  File "/home/rodrigo/real_options/venv/lib/python3.12/site-packages/httpx/_client.py", line 1657, in _send_handling_auth
    response = await self._send_handling_redirects(
               ^^^^^^^^^^^^^^^^^^^^^^^^^^^^^^^^^^^^
  File "/home/rodrigo/real_options/venv/lib/python3.12/site-packages/httpx/_client.py", line 1694, in _send_handling_redirects
    response = await self._send_single_request(request)
               ^^^^^^^^^^^^^^^^^^^^^^^^^^^^^^^^^^^^^^^^
  File "/home/rodrigo/real_options/venv/lib/python3.12/site-packages/httpx/_client.py", line 1730, in _send_single_request
    response = await transport.handle_async_request(request)
               ^^^^^^^^^^^^^^^^^^^^^^^^^^^^^^^^^^^^^^^^^^^^^
  File "/home/rodrigo/real_options/venv/lib/python3.12/site-packages/httpx/_transports/default.py", line 393, in handle_async_request
    with map_httpcore_exceptions():
  File "/usr/lib/python3.12/contextlib.py", line 158, in __exit__
    self.gen.throw(value)
  File "/home/rodrigo/real_options/venv/lib/python3.12/site-packages/httpx/_transports/default.py", line 118, in map_httpcore_exceptions
    raise mapped_exc(message) from exc
httpx.ReadTimeout

The above exception was the direct cause of the following exception:

Traceback (most recent call last):
  File "/home/rodrigo/real_options/trading_bot/sentinels.py", line 709, in _search_x_and_analyze
    response = await self.client.chat.completions.create(
               ^^^^^^^^^^^^^^^^^^^^^^^^^^^^^^^^^^^^^^^^^^
  File "/home/rodrigo/real_options/venv/lib/python3.12/site-packages/openai/resources/chat/completions/completions.py", line 2678, in create
    return await self._post(
           ^^^^^^^^^^^^^^^^^
  File "/home/rodrigo/real_options/venv/lib/python3.12/site-packages/openai/_base_client.py", line 1797, in post
    return await self.request(cast_to, opts, stream=stream, stream_cls=stream_cls)
           ^^^^^^^^^^^^^^^^^^^^^^^^^^^^^^^^^^^^^^^^^^^^^^^^^^^^^^^^^^^^^^^^^^^^^^^
  File "/home/rodrigo/real_options/venv/lib/python3.12/site-packages/openai/_base_client.py", line 1550, in request
    raise APITimeoutError(request=request) from err
openai.APITimeoutError: Request timed out.
2026-01-21 11:40:50,938 - trading_bot.sentinels - ERROR - X search failed for query 'CFTC coffee positioning': Request timed out.
Traceback (most recent call last):
  File "/home/rodrigo/real_options/venv/lib/python3.12/site-packages/httpx/_transports/default.py", line 101, in map_httpcore_exceptions
    yield
  File "/home/rodrigo/real_options/venv/lib/python3.12/site-packages/httpx/_transports/default.py", line 394, in handle_async_request
    resp = await self._pool.handle_async_request(req)
           ^^^^^^^^^^^^^^^^^^^^^^^^^^^^^^^^^^^^^^^^^^
  File "/home/rodrigo/real_options/venv/lib/python3.12/site-packages/httpcore/_async/connection_pool.py", line 256, in handle_async_request
    raise exc from None
  File "/home/rodrigo/real_options/venv/lib/python3.12/site-packages/httpcore/_async/connection_pool.py", line 236, in handle_async_request
    response = await connection.handle_async_request(
               ^^^^^^^^^^^^^^^^^^^^^^^^^^^^^^^^^^^^^^
  File "/home/rodrigo/real_options/venv/lib/python3.12/site-packages/httpcore/_async/connection.py", line 103, in handle_async_request
    return await self._connection.handle_async_request(request)
           ^^^^^^^^^^^^^^^^^^^^^^^^^^^^^^^^^^^^^^^^^^^^^^^^^^^^
  File "/home/rodrigo/real_options/venv/lib/python3.12/site-packages/httpcore/_async/http11.py", line 136, in handle_async_request
    raise exc
  File "/home/rodrigo/real_options/venv/lib/python3.12/site-packages/httpcore/_async/http11.py", line 106, in handle_async_request
    ) = await self._receive_response_headers(**kwargs)
        ^^^^^^^^^^^^^^^^^^^^^^^^^^^^^^^^^^^^^^^^^^^^^^
  File "/home/rodrigo/real_options/venv/lib/python3.12/site-packages/httpcore/_async/http11.py", line 177, in _receive_response_headers
    event = await self._receive_event(timeout=timeout)
            ^^^^^^^^^^^^^^^^^^^^^^^^^^^^^^^^^^^^^^^^^^
  File "/home/rodrigo/real_options/venv/lib/python3.12/site-packages/httpcore/_async/http11.py", line 217, in _receive_event
    data = await self._network_stream.read(
           ^^^^^^^^^^^^^^^^^^^^^^^^^^^^^^^^
  File "/home/rodrigo/real_options/venv/lib/python3.12/site-packages/httpcore/_backends/anyio.py", line 32, in read
    with map_exceptions(exc_map):
  File "/usr/lib/python3.12/contextlib.py", line 158, in __exit__
    self.gen.throw(value)
  File "/home/rodrigo/real_options/venv/lib/python3.12/site-packages/httpcore/_exceptions.py", line 14, in map_exceptions
    raise to_exc(exc) from exc
httpcore.ReadTimeout

The above exception was the direct cause of the following exception:

Traceback (most recent call last):
  File "/home/rodrigo/real_options/venv/lib/python3.12/site-packages/openai/_base_client.py", line 1532, in request
    response = await self._client.send(
               ^^^^^^^^^^^^^^^^^^^^^^^^
  File "/home/rodrigo/real_options/venv/lib/python3.12/site-packages/httpx/_client.py", line 1629, in send
    response = await self._send_handling_auth(
               ^^^^^^^^^^^^^^^^^^^^^^^^^^^^^^^
  File "/home/rodrigo/real_options/venv/lib/python3.12/site-packages/httpx/_client.py", line 1657, in _send_handling_auth
    response = await self._send_handling_redirects(
               ^^^^^^^^^^^^^^^^^^^^^^^^^^^^^^^^^^^^
  File "/home/rodrigo/real_options/venv/lib/python3.12/site-packages/httpx/_client.py", line 1694, in _send_handling_redirects
    response = await self._send_single_request(request)
               ^^^^^^^^^^^^^^^^^^^^^^^^^^^^^^^^^^^^^^^^
  File "/home/rodrigo/real_options/venv/lib/python3.12/site-packages/httpx/_client.py", line 1730, in _send_single_request
    response = await transport.handle_async_request(request)
               ^^^^^^^^^^^^^^^^^^^^^^^^^^^^^^^^^^^^^^^^^^^^^
  File "/home/rodrigo/real_options/venv/lib/python3.12/site-packages/httpx/_transports/default.py", line 393, in handle_async_request
    with map_httpcore_exceptions():
  File "/usr/lib/python3.12/contextlib.py", line 158, in __exit__
    self.gen.throw(value)
  File "/home/rodrigo/real_options/venv/lib/python3.12/site-packages/httpx/_transports/default.py", line 118, in map_httpcore_exceptions
    raise mapped_exc(message) from exc
httpx.ReadTimeout

The above exception was the direct cause of the following exception:

Traceback (most recent call last):
  File "/home/rodrigo/real_options/trading_bot/sentinels.py", line 709, in _search_x_and_analyze
    response = await self.client.chat.completions.create(
               ^^^^^^^^^^^^^^^^^^^^^^^^^^^^^^^^^^^^^^^^^^
  File "/home/rodrigo/real_options/venv/lib/python3.12/site-packages/openai/resources/chat/completions/completions.py", line 2678, in create
    return await self._post(
           ^^^^^^^^^^^^^^^^^
  File "/home/rodrigo/real_options/venv/lib/python3.12/site-packages/openai/_base_client.py", line 1797, in post
    return await self.request(cast_to, opts, stream=stream, stream_cls=stream_cls)
           ^^^^^^^^^^^^^^^^^^^^^^^^^^^^^^^^^^^^^^^^^^^^^^^^^^^^^^^^^^^^^^^^^^^^^^^
  File "/home/rodrigo/real_options/venv/lib/python3.12/site-packages/openai/_base_client.py", line 1550, in request
    raise APITimeoutError(request=request) from err
openai.APITimeoutError: Request timed out.
2026-01-21 11:40:50,955 - trading_bot.sentinels - ERROR - X search failed for query 'US coffee tariffs': Request timed out.
Traceback (most recent call last):
  File "/home/rodrigo/real_options/venv/lib/python3.12/site-packages/httpx/_transports/default.py", line 101, in map_httpcore_exceptions
    yield
  File "/home/rodrigo/real_options/venv/lib/python3.12/site-packages/httpx/_transports/default.py", line 394, in handle_async_request
    resp = await self._pool.handle_async_request(req)
           ^^^^^^^^^^^^^^^^^^^^^^^^^^^^^^^^^^^^^^^^^^
  File "/home/rodrigo/real_options/venv/lib/python3.12/site-packages/httpcore/_async/connection_pool.py", line 256, in handle_async_request
    raise exc from None
  File "/home/rodrigo/real_options/venv/lib/python3.12/site-packages/httpcore/_async/connection_pool.py", line 236, in handle_async_request
    response = await connection.handle_async_request(
               ^^^^^^^^^^^^^^^^^^^^^^^^^^^^^^^^^^^^^^
  File "/home/rodrigo/real_options/venv/lib/python3.12/site-packages/httpcore/_async/connection.py", line 103, in handle_async_request
    return await self._connection.handle_async_request(request)
           ^^^^^^^^^^^^^^^^^^^^^^^^^^^^^^^^^^^^^^^^^^^^^^^^^^^^
  File "/home/rodrigo/real_options/venv/lib/python3.12/site-packages/httpcore/_async/http11.py", line 136, in handle_async_request
    raise exc
  File "/home/rodrigo/real_options/venv/lib/python3.12/site-packages/httpcore/_async/http11.py", line 106, in handle_async_request
    ) = await self._receive_response_headers(**kwargs)
        ^^^^^^^^^^^^^^^^^^^^^^^^^^^^^^^^^^^^^^^^^^^^^^
  File "/home/rodrigo/real_options/venv/lib/python3.12/site-packages/httpcore/_async/http11.py", line 177, in _receive_response_headers
    event = await self._receive_event(timeout=timeout)
            ^^^^^^^^^^^^^^^^^^^^^^^^^^^^^^^^^^^^^^^^^^
  File "/home/rodrigo/real_options/venv/lib/python3.12/site-packages/httpcore/_async/http11.py", line 217, in _receive_event
    data = await self._network_stream.read(
           ^^^^^^^^^^^^^^^^^^^^^^^^^^^^^^^^
  File "/home/rodrigo/real_options/venv/lib/python3.12/site-packages/httpcore/_backends/anyio.py", line 32, in read
    with map_exceptions(exc_map):
  File "/usr/lib/python3.12/contextlib.py", line 158, in __exit__
    self.gen.throw(value)
  File "/home/rodrigo/real_options/venv/lib/python3.12/site-packages/httpcore/_exceptions.py", line 14, in map_exceptions
    raise to_exc(exc) from exc
httpcore.ReadTimeout

The above exception was the direct cause of the following exception:

Traceback (most recent call last):
  File "/home/rodrigo/real_options/venv/lib/python3.12/site-packages/openai/_base_client.py", line 1532, in request
    response = await self._client.send(
               ^^^^^^^^^^^^^^^^^^^^^^^^
  File "/home/rodrigo/real_options/venv/lib/python3.12/site-packages/httpx/_client.py", line 1629, in send
    response = await self._send_handling_auth(
               ^^^^^^^^^^^^^^^^^^^^^^^^^^^^^^^
  File "/home/rodrigo/real_options/venv/lib/python3.12/site-packages/httpx/_client.py", line 1657, in _send_handling_auth
    response = await self._send_handling_redirects(
               ^^^^^^^^^^^^^^^^^^^^^^^^^^^^^^^^^^^^
  File "/home/rodrigo/real_options/venv/lib/python3.12/site-packages/httpx/_client.py", line 1694, in _send_handling_redirects
    response = await self._send_single_request(request)
               ^^^^^^^^^^^^^^^^^^^^^^^^^^^^^^^^^^^^^^^^
  File "/home/rodrigo/real_options/venv/lib/python3.12/site-packages/httpx/_client.py", line 1730, in _send_single_request
    response = await transport.handle_async_request(request)
               ^^^^^^^^^^^^^^^^^^^^^^^^^^^^^^^^^^^^^^^^^^^^^
  File "/home/rodrigo/real_options/venv/lib/python3.12/site-packages/httpx/_transports/default.py", line 393, in handle_async_request
    with map_httpcore_exceptions():
  File "/usr/lib/python3.12/contextlib.py", line 158, in __exit__
    self.gen.throw(value)
  File "/home/rodrigo/real_options/venv/lib/python3.12/site-packages/httpx/_transports/default.py", line 118, in map_httpcore_exceptions
    raise mapped_exc(message) from exc
httpx.ReadTimeout

The above exception was the direct cause of the following exception:

Traceback (most recent call last):
  File "/home/rodrigo/real_options/trading_bot/sentinels.py", line 709, in _search_x_and_analyze
    response = await self.client.chat.completions.create(
               ^^^^^^^^^^^^^^^^^^^^^^^^^^^^^^^^^^^^^^^^^^
  File "/home/rodrigo/real_options/venv/lib/python3.12/site-packages/openai/resources/chat/completions/completions.py", line 2678, in create
    return await self._post(
           ^^^^^^^^^^^^^^^^^
  File "/home/rodrigo/real_options/venv/lib/python3.12/site-packages/openai/_base_client.py", line 1797, in post
    return await self.request(cast_to, opts, stream=stream, stream_cls=stream_cls)
           ^^^^^^^^^^^^^^^^^^^^^^^^^^^^^^^^^^^^^^^^^^^^^^^^^^^^^^^^^^^^^^^^^^^^^^^
  File "/home/rodrigo/real_options/venv/lib/python3.12/site-packages/openai/_base_client.py", line 1550, in request
    raise APITimeoutError(request=request) from err
openai.APITimeoutError: Request timed out.
2026-01-21 11:40:50,974 - trading_bot.sentinels - ERROR - X search failed for query 'coffee futures': Request timed out.
Traceback (most recent call last):
  File "/home/rodrigo/real_options/venv/lib/python3.12/site-packages/httpx/_transports/default.py", line 101, in map_httpcore_exceptions
    yield
  File "/home/rodrigo/real_options/venv/lib/python3.12/site-packages/httpx/_transports/default.py", line 394, in handle_async_request
    resp = await self._pool.handle_async_request(req)
           ^^^^^^^^^^^^^^^^^^^^^^^^^^^^^^^^^^^^^^^^^^
  File "/home/rodrigo/real_options/venv/lib/python3.12/site-packages/httpcore/_async/connection_pool.py", line 256, in handle_async_request
    raise exc from None
  File "/home/rodrigo/real_options/venv/lib/python3.12/site-packages/httpcore/_async/connection_pool.py", line 236, in handle_async_request
    response = await connection.handle_async_request(
               ^^^^^^^^^^^^^^^^^^^^^^^^^^^^^^^^^^^^^^
  File "/home/rodrigo/real_options/venv/lib/python3.12/site-packages/httpcore/_async/connection.py", line 103, in handle_async_request
    return await self._connection.handle_async_request(request)
           ^^^^^^^^^^^^^^^^^^^^^^^^^^^^^^^^^^^^^^^^^^^^^^^^^^^^
  File "/home/rodrigo/real_options/venv/lib/python3.12/site-packages/httpcore/_async/http11.py", line 136, in handle_async_request
    raise exc
  File "/home/rodrigo/real_options/venv/lib/python3.12/site-packages/httpcore/_async/http11.py", line 106, in handle_async_request
    ) = await self._receive_response_headers(**kwargs)
        ^^^^^^^^^^^^^^^^^^^^^^^^^^^^^^^^^^^^^^^^^^^^^^
  File "/home/rodrigo/real_options/venv/lib/python3.12/site-packages/httpcore/_async/http11.py", line 177, in _receive_response_headers
    event = await self._receive_event(timeout=timeout)
            ^^^^^^^^^^^^^^^^^^^^^^^^^^^^^^^^^^^^^^^^^^
  File "/home/rodrigo/real_options/venv/lib/python3.12/site-packages/httpcore/_async/http11.py", line 217, in _receive_event
    data = await self._network_stream.read(
           ^^^^^^^^^^^^^^^^^^^^^^^^^^^^^^^^
  File "/home/rodrigo/real_options/venv/lib/python3.12/site-packages/httpcore/_backends/anyio.py", line 32, in read
    with map_exceptions(exc_map):
  File "/usr/lib/python3.12/contextlib.py", line 158, in __exit__
    self.gen.throw(value)
  File "/home/rodrigo/real_options/venv/lib/python3.12/site-packages/httpcore/_exceptions.py", line 14, in map_exceptions
    raise to_exc(exc) from exc
httpcore.ReadTimeout

The above exception was the direct cause of the following exception:

Traceback (most recent call last):
  File "/home/rodrigo/real_options/venv/lib/python3.12/site-packages/openai/_base_client.py", line 1532, in request
    response = await self._client.send(
               ^^^^^^^^^^^^^^^^^^^^^^^^
  File "/home/rodrigo/real_options/venv/lib/python3.12/site-packages/httpx/_client.py", line 1629, in send
    response = await self._send_handling_auth(
               ^^^^^^^^^^^^^^^^^^^^^^^^^^^^^^^
  File "/home/rodrigo/real_options/venv/lib/python3.12/site-packages/httpx/_client.py", line 1657, in _send_handling_auth
    response = await self._send_handling_redirects(
               ^^^^^^^^^^^^^^^^^^^^^^^^^^^^^^^^^^^^
  File "/home/rodrigo/real_options/venv/lib/python3.12/site-packages/httpx/_client.py", line 1694, in _send_handling_redirects
    response = await self._send_single_request(request)
               ^^^^^^^^^^^^^^^^^^^^^^^^^^^^^^^^^^^^^^^^
  File "/home/rodrigo/real_options/venv/lib/python3.12/site-packages/httpx/_client.py", line 1730, in _send_single_request
    response = await transport.handle_async_request(request)
               ^^^^^^^^^^^^^^^^^^^^^^^^^^^^^^^^^^^^^^^^^^^^^
  File "/home/rodrigo/real_options/venv/lib/python3.12/site-packages/httpx/_transports/default.py", line 393, in handle_async_request
    with map_httpcore_exceptions():
  File "/usr/lib/python3.12/contextlib.py", line 158, in __exit__
    self.gen.throw(value)
  File "/home/rodrigo/real_options/venv/lib/python3.12/site-packages/httpx/_transports/default.py", line 118, in map_httpcore_exceptions
    raise mapped_exc(message) from exc
httpx.ReadTimeout

The above exception was the direct cause of the following exception:

Traceback (most recent call last):
  File "/home/rodrigo/real_options/trading_bot/sentinels.py", line 709, in _search_x_and_analyze
    response = await self.client.chat.completions.create(
               ^^^^^^^^^^^^^^^^^^^^^^^^^^^^^^^^^^^^^^^^^^
  File "/home/rodrigo/real_options/venv/lib/python3.12/site-packages/openai/resources/chat/completions/completions.py", line 2678, in create
    return await self._post(
           ^^^^^^^^^^^^^^^^^
  File "/home/rodrigo/real_options/venv/lib/python3.12/site-packages/openai/_base_client.py", line 1797, in post
    return await self.request(cast_to, opts, stream=stream, stream_cls=stream_cls)
           ^^^^^^^^^^^^^^^^^^^^^^^^^^^^^^^^^^^^^^^^^^^^^^^^^^^^^^^^^^^^^^^^^^^^^^^
  File "/home/rodrigo/real_options/venv/lib/python3.12/site-packages/openai/_base_client.py", line 1550, in request
    raise APITimeoutError(request=request) from err
openai.APITimeoutError: Request timed out.
2026-01-21 11:40:51,019 - trading_bot.sentinels - ERROR - X search failed for query 'arabica prices': Request timed out.
Traceback (most recent call last):
  File "/home/rodrigo/real_options/venv/lib/python3.12/site-packages/httpx/_transports/default.py", line 101, in map_httpcore_exceptions
    yield
  File "/home/rodrigo/real_options/venv/lib/python3.12/site-packages/httpx/_transports/default.py", line 394, in handle_async_request
    resp = await self._pool.handle_async_request(req)
           ^^^^^^^^^^^^^^^^^^^^^^^^^^^^^^^^^^^^^^^^^^
  File "/home/rodrigo/real_options/venv/lib/python3.12/site-packages/httpcore/_async/connection_pool.py", line 256, in handle_async_request
    raise exc from None
  File "/home/rodrigo/real_options/venv/lib/python3.12/site-packages/httpcore/_async/connection_pool.py", line 236, in handle_async_request
    response = await connection.handle_async_request(
               ^^^^^^^^^^^^^^^^^^^^^^^^^^^^^^^^^^^^^^
  File "/home/rodrigo/real_options/venv/lib/python3.12/site-packages/httpcore/_async/connection.py", line 103, in handle_async_request
    return await self._connection.handle_async_request(request)
           ^^^^^^^^^^^^^^^^^^^^^^^^^^^^^^^^^^^^^^^^^^^^^^^^^^^^
  File "/home/rodrigo/real_options/venv/lib/python3.12/site-packages/httpcore/_async/http11.py", line 136, in handle_async_request
    raise exc
  File "/home/rodrigo/real_options/venv/lib/python3.12/site-packages/httpcore/_async/http11.py", line 106, in handle_async_request
    ) = await self._receive_response_headers(**kwargs)
        ^^^^^^^^^^^^^^^^^^^^^^^^^^^^^^^^^^^^^^^^^^^^^^
  File "/home/rodrigo/real_options/venv/lib/python3.12/site-packages/httpcore/_async/http11.py", line 177, in _receive_response_headers
    event = await self._receive_event(timeout=timeout)
            ^^^^^^^^^^^^^^^^^^^^^^^^^^^^^^^^^^^^^^^^^^
  File "/home/rodrigo/real_options/venv/lib/python3.12/site-packages/httpcore/_async/http11.py", line 217, in _receive_event
    data = await self._network_stream.read(
           ^^^^^^^^^^^^^^^^^^^^^^^^^^^^^^^^
  File "/home/rodrigo/real_options/venv/lib/python3.12/site-packages/httpcore/_backends/anyio.py", line 32, in read
    with map_exceptions(exc_map):
  File "/usr/lib/python3.12/contextlib.py", line 158, in __exit__
    self.gen.throw(value)
  File "/home/rodrigo/real_options/venv/lib/python3.12/site-packages/httpcore/_exceptions.py", line 14, in map_exceptions
    raise to_exc(exc) from exc
httpcore.ReadTimeout

The above exception was the direct cause of the following exception:

Traceback (most recent call last):
  File "/home/rodrigo/real_options/venv/lib/python3.12/site-packages/openai/_base_client.py", line 1532, in request
    response = await self._client.send(
               ^^^^^^^^^^^^^^^^^^^^^^^^
  File "/home/rodrigo/real_options/venv/lib/python3.12/site-packages/httpx/_client.py", line 1629, in send
    response = await self._send_handling_auth(
               ^^^^^^^^^^^^^^^^^^^^^^^^^^^^^^^
  File "/home/rodrigo/real_options/venv/lib/python3.12/site-packages/httpx/_client.py", line 1657, in _send_handling_auth
    response = await self._send_handling_redirects(
               ^^^^^^^^^^^^^^^^^^^^^^^^^^^^^^^^^^^^
  File "/home/rodrigo/real_options/venv/lib/python3.12/site-packages/httpx/_client.py", line 1694, in _send_handling_redirects
    response = await self._send_single_request(request)
               ^^^^^^^^^^^^^^^^^^^^^^^^^^^^^^^^^^^^^^^^
  File "/home/rodrigo/real_options/venv/lib/python3.12/site-packages/httpx/_client.py", line 1730, in _send_single_request
    response = await transport.handle_async_request(request)
               ^^^^^^^^^^^^^^^^^^^^^^^^^^^^^^^^^^^^^^^^^^^^^
  File "/home/rodrigo/real_options/venv/lib/python3.12/site-packages/httpx/_transports/default.py", line 393, in handle_async_request
    with map_httpcore_exceptions():
  File "/usr/lib/python3.12/contextlib.py", line 158, in __exit__
    self.gen.throw(value)
  File "/home/rodrigo/real_options/venv/lib/python3.12/site-packages/httpx/_transports/default.py", line 118, in map_httpcore_exceptions
    raise mapped_exc(message) from exc
httpx.ReadTimeout

The above exception was the direct cause of the following exception:

Traceback (most recent call last):
  File "/home/rodrigo/real_options/trading_bot/sentinels.py", line 709, in _search_x_and_analyze
    response = await self.client.chat.completions.create(
               ^^^^^^^^^^^^^^^^^^^^^^^^^^^^^^^^^^^^^^^^^^
  File "/home/rodrigo/real_options/venv/lib/python3.12/site-packages/openai/resources/chat/completions/completions.py", line 2678, in create
    return await self._post(
           ^^^^^^^^^^^^^^^^^
  File "/home/rodrigo/real_options/venv/lib/python3.12/site-packages/openai/_base_client.py", line 1797, in post
    return await self.request(cast_to, opts, stream=stream, stream_cls=stream_cls)
           ^^^^^^^^^^^^^^^^^^^^^^^^^^^^^^^^^^^^^^^^^^^^^^^^^^^^^^^^^^^^^^^^^^^^^^^
  File "/home/rodrigo/real_options/venv/lib/python3.12/site-packages/openai/_base_client.py", line 1550, in request
    raise APITimeoutError(request=request) from err
openai.APITimeoutError: Request timed out.
2026-01-21 11:40:51,029 - trading_bot.sentinels - ERROR - X search failed for query 'Brazil coffee harvest': Request timed out.
Traceback (most recent call last):
  File "/home/rodrigo/real_options/venv/lib/python3.12/site-packages/httpx/_transports/default.py", line 101, in map_httpcore_exceptions
    yield
  File "/home/rodrigo/real_options/venv/lib/python3.12/site-packages/httpx/_transports/default.py", line 394, in handle_async_request
    resp = await self._pool.handle_async_request(req)
           ^^^^^^^^^^^^^^^^^^^^^^^^^^^^^^^^^^^^^^^^^^
  File "/home/rodrigo/real_options/venv/lib/python3.12/site-packages/httpcore/_async/connection_pool.py", line 256, in handle_async_request
    raise exc from None
  File "/home/rodrigo/real_options/venv/lib/python3.12/site-packages/httpcore/_async/connection_pool.py", line 236, in handle_async_request
    response = await connection.handle_async_request(
               ^^^^^^^^^^^^^^^^^^^^^^^^^^^^^^^^^^^^^^
  File "/home/rodrigo/real_options/venv/lib/python3.12/site-packages/httpcore/_async/connection.py", line 103, in handle_async_request
    return await self._connection.handle_async_request(request)
           ^^^^^^^^^^^^^^^^^^^^^^^^^^^^^^^^^^^^^^^^^^^^^^^^^^^^
  File "/home/rodrigo/real_options/venv/lib/python3.12/site-packages/httpcore/_async/http11.py", line 136, in handle_async_request
    raise exc
  File "/home/rodrigo/real_options/venv/lib/python3.12/site-packages/httpcore/_async/http11.py", line 106, in handle_async_request
    ) = await self._receive_response_headers(**kwargs)
        ^^^^^^^^^^^^^^^^^^^^^^^^^^^^^^^^^^^^^^^^^^^^^^
  File "/home/rodrigo/real_options/venv/lib/python3.12/site-packages/httpcore/_async/http11.py", line 177, in _receive_response_headers
    event = await self._receive_event(timeout=timeout)
            ^^^^^^^^^^^^^^^^^^^^^^^^^^^^^^^^^^^^^^^^^^
  File "/home/rodrigo/real_options/venv/lib/python3.12/site-packages/httpcore/_async/http11.py", line 217, in _receive_event
    data = await self._network_stream.read(
           ^^^^^^^^^^^^^^^^^^^^^^^^^^^^^^^^
  File "/home/rodrigo/real_options/venv/lib/python3.12/site-packages/httpcore/_backends/anyio.py", line 32, in read
    with map_exceptions(exc_map):
  File "/usr/lib/python3.12/contextlib.py", line 158, in __exit__
    self.gen.throw(value)
  File "/home/rodrigo/real_options/venv/lib/python3.12/site-packages/httpcore/_exceptions.py", line 14, in map_exceptions
    raise to_exc(exc) from exc
httpcore.ReadTimeout

The above exception was the direct cause of the following exception:

Traceback (most recent call last):
  File "/home/rodrigo/real_options/venv/lib/python3.12/site-packages/openai/_base_client.py", line 1532, in request
    response = await self._client.send(
               ^^^^^^^^^^^^^^^^^^^^^^^^
  File "/home/rodrigo/real_options/venv/lib/python3.12/site-packages/httpx/_client.py", line 1629, in send
    response = await self._send_handling_auth(
               ^^^^^^^^^^^^^^^^^^^^^^^^^^^^^^^
  File "/home/rodrigo/real_options/venv/lib/python3.12/site-packages/httpx/_client.py", line 1657, in _send_handling_auth
    response = await self._send_handling_redirects(
               ^^^^^^^^^^^^^^^^^^^^^^^^^^^^^^^^^^^^
  File "/home/rodrigo/real_options/venv/lib/python3.12/site-packages/httpx/_client.py", line 1694, in _send_handling_redirects
    response = await self._send_single_request(request)
               ^^^^^^^^^^^^^^^^^^^^^^^^^^^^^^^^^^^^^^^^
  File "/home/rodrigo/real_options/venv/lib/python3.12/site-packages/httpx/_client.py", line 1730, in _send_single_request
    response = await transport.handle_async_request(request)
               ^^^^^^^^^^^^^^^^^^^^^^^^^^^^^^^^^^^^^^^^^^^^^
  File "/home/rodrigo/real_options/venv/lib/python3.12/site-packages/httpx/_transports/default.py", line 393, in handle_async_request
    with map_httpcore_exceptions():
  File "/usr/lib/python3.12/contextlib.py", line 158, in __exit__
    self.gen.throw(value)
  File "/home/rodrigo/real_options/venv/lib/python3.12/site-packages/httpx/_transports/default.py", line 118, in map_httpcore_exceptions
    raise mapped_exc(message) from exc
httpx.ReadTimeout

The above exception was the direct cause of the following exception:

Traceback (most recent call last):
  File "/home/rodrigo/real_options/trading_bot/sentinels.py", line 709, in _search_x_and_analyze
    response = await self.client.chat.completions.create(
               ^^^^^^^^^^^^^^^^^^^^^^^^^^^^^^^^^^^^^^^^^^
  File "/home/rodrigo/real_options/venv/lib/python3.12/site-packages/openai/resources/chat/completions/completions.py", line 2678, in create
    return await self._post(
           ^^^^^^^^^^^^^^^^^
  File "/home/rodrigo/real_options/venv/lib/python3.12/site-packages/openai/_base_client.py", line 1797, in post
    return await self.request(cast_to, opts, stream=stream, stream_cls=stream_cls)
           ^^^^^^^^^^^^^^^^^^^^^^^^^^^^^^^^^^^^^^^^^^^^^^^^^^^^^^^^^^^^^^^^^^^^^^^
  File "/home/rodrigo/real_options/venv/lib/python3.12/site-packages/openai/_base_client.py", line 1550, in request
    raise APITimeoutError(request=request) from err
openai.APITimeoutError: Request timed out.
2026-01-21 11:40:51,065 - trading_bot.sentinels - ERROR - X search failed for query 'ICE coffee warehouse': Request timed out.
Traceback (most recent call last):
  File "/home/rodrigo/real_options/venv/lib/python3.12/site-packages/httpx/_transports/default.py", line 101, in map_httpcore_exceptions
    yield
  File "/home/rodrigo/real_options/venv/lib/python3.12/site-packages/httpx/_transports/default.py", line 394, in handle_async_request
    resp = await self._pool.handle_async_request(req)
           ^^^^^^^^^^^^^^^^^^^^^^^^^^^^^^^^^^^^^^^^^^
  File "/home/rodrigo/real_options/venv/lib/python3.12/site-packages/httpcore/_async/connection_pool.py", line 256, in handle_async_request
    raise exc from None
  File "/home/rodrigo/real_options/venv/lib/python3.12/site-packages/httpcore/_async/connection_pool.py", line 236, in handle_async_request
    response = await connection.handle_async_request(
               ^^^^^^^^^^^^^^^^^^^^^^^^^^^^^^^^^^^^^^
  File "/home/rodrigo/real_options/venv/lib/python3.12/site-packages/httpcore/_async/connection.py", line 103, in handle_async_request
    return await self._connection.handle_async_request(request)
           ^^^^^^^^^^^^^^^^^^^^^^^^^^^^^^^^^^^^^^^^^^^^^^^^^^^^
  File "/home/rodrigo/real_options/venv/lib/python3.12/site-packages/httpcore/_async/http11.py", line 136, in handle_async_request
    raise exc
  File "/home/rodrigo/real_options/venv/lib/python3.12/site-packages/httpcore/_async/http11.py", line 106, in handle_async_request
    ) = await self._receive_response_headers(**kwargs)
        ^^^^^^^^^^^^^^^^^^^^^^^^^^^^^^^^^^^^^^^^^^^^^^
  File "/home/rodrigo/real_options/venv/lib/python3.12/site-packages/httpcore/_async/http11.py", line 177, in _receive_response_headers
    event = await self._receive_event(timeout=timeout)
            ^^^^^^^^^^^^^^^^^^^^^^^^^^^^^^^^^^^^^^^^^^
  File "/home/rodrigo/real_options/venv/lib/python3.12/site-packages/httpcore/_async/http11.py", line 217, in _receive_event
    data = await self._network_stream.read(
           ^^^^^^^^^^^^^^^^^^^^^^^^^^^^^^^^
  File "/home/rodrigo/real_options/venv/lib/python3.12/site-packages/httpcore/_backends/anyio.py", line 32, in read
    with map_exceptions(exc_map):
  File "/usr/lib/python3.12/contextlib.py", line 158, in __exit__
    self.gen.throw(value)
  File "/home/rodrigo/real_options/venv/lib/python3.12/site-packages/httpcore/_exceptions.py", line 14, in map_exceptions
    raise to_exc(exc) from exc
httpcore.ReadTimeout

The above exception was the direct cause of the following exception:

Traceback (most recent call last):
  File "/home/rodrigo/real_options/venv/lib/python3.12/site-packages/openai/_base_client.py", line 1532, in request
    response = await self._client.send(
               ^^^^^^^^^^^^^^^^^^^^^^^^
  File "/home/rodrigo/real_options/venv/lib/python3.12/site-packages/httpx/_client.py", line 1629, in send
    response = await self._send_handling_auth(
               ^^^^^^^^^^^^^^^^^^^^^^^^^^^^^^^
  File "/home/rodrigo/real_options/venv/lib/python3.12/site-packages/httpx/_client.py", line 1657, in _send_handling_auth
    response = await self._send_handling_redirects(
               ^^^^^^^^^^^^^^^^^^^^^^^^^^^^^^^^^^^^
  File "/home/rodrigo/real_options/venv/lib/python3.12/site-packages/httpx/_client.py", line 1694, in _send_handling_redirects
    response = await self._send_single_request(request)
               ^^^^^^^^^^^^^^^^^^^^^^^^^^^^^^^^^^^^^^^^
  File "/home/rodrigo/real_options/venv/lib/python3.12/site-packages/httpx/_client.py", line 1730, in _send_single_request
    response = await transport.handle_async_request(request)
               ^^^^^^^^^^^^^^^^^^^^^^^^^^^^^^^^^^^^^^^^^^^^^
  File "/home/rodrigo/real_options/venv/lib/python3.12/site-packages/httpx/_transports/default.py", line 393, in handle_async_request
    with map_httpcore_exceptions():
  File "/usr/lib/python3.12/contextlib.py", line 158, in __exit__
    self.gen.throw(value)
  File "/home/rodrigo/real_options/venv/lib/python3.12/site-packages/httpx/_transports/default.py", line 118, in map_httpcore_exceptions
    raise mapped_exc(message) from exc
httpx.ReadTimeout

The above exception was the direct cause of the following exception:

Traceback (most recent call last):
  File "/home/rodrigo/real_options/trading_bot/sentinels.py", line 709, in _search_x_and_analyze
    response = await self.client.chat.completions.create(
               ^^^^^^^^^^^^^^^^^^^^^^^^^^^^^^^^^^^^^^^^^^
  File "/home/rodrigo/real_options/venv/lib/python3.12/site-packages/openai/resources/chat/completions/completions.py", line 2678, in create
    return await self._post(
           ^^^^^^^^^^^^^^^^^
  File "/home/rodrigo/real_options/venv/lib/python3.12/site-packages/openai/_base_client.py", line 1797, in post
    return await self.request(cast_to, opts, stream=stream, stream_cls=stream_cls)
           ^^^^^^^^^^^^^^^^^^^^^^^^^^^^^^^^^^^^^^^^^^^^^^^^^^^^^^^^^^^^^^^^^^^^^^^
  File "/home/rodrigo/real_options/venv/lib/python3.12/site-packages/openai/_base_client.py", line 1550, in request
    raise APITimeoutError(request=request) from err
openai.APITimeoutError: Request timed out.
2026-01-21 11:40:51,067 - trading_bot.sentinels - ERROR - X search failed for query 'Vietnam robusta': Request timed out.
Traceback (most recent call last):
  File "/home/rodrigo/real_options/venv/lib/python3.12/site-packages/httpx/_transports/default.py", line 101, in map_httpcore_exceptions
    yield
  File "/home/rodrigo/real_options/venv/lib/python3.12/site-packages/httpx/_transports/default.py", line 394, in handle_async_request
    resp = await self._pool.handle_async_request(req)
           ^^^^^^^^^^^^^^^^^^^^^^^^^^^^^^^^^^^^^^^^^^
  File "/home/rodrigo/real_options/venv/lib/python3.12/site-packages/httpcore/_async/connection_pool.py", line 256, in handle_async_request
    raise exc from None
  File "/home/rodrigo/real_options/venv/lib/python3.12/site-packages/httpcore/_async/connection_pool.py", line 236, in handle_async_request
    response = await connection.handle_async_request(
               ^^^^^^^^^^^^^^^^^^^^^^^^^^^^^^^^^^^^^^
  File "/home/rodrigo/real_options/venv/lib/python3.12/site-packages/httpcore/_async/connection.py", line 103, in handle_async_request
    return await self._connection.handle_async_request(request)
           ^^^^^^^^^^^^^^^^^^^^^^^^^^^^^^^^^^^^^^^^^^^^^^^^^^^^
  File "/home/rodrigo/real_options/venv/lib/python3.12/site-packages/httpcore/_async/http11.py", line 136, in handle_async_request
    raise exc
  File "/home/rodrigo/real_options/venv/lib/python3.12/site-packages/httpcore/_async/http11.py", line 106, in handle_async_request
    ) = await self._receive_response_headers(**kwargs)
        ^^^^^^^^^^^^^^^^^^^^^^^^^^^^^^^^^^^^^^^^^^^^^^
  File "/home/rodrigo/real_options/venv/lib/python3.12/site-packages/httpcore/_async/http11.py", line 177, in _receive_response_headers
    event = await self._receive_event(timeout=timeout)
            ^^^^^^^^^^^^^^^^^^^^^^^^^^^^^^^^^^^^^^^^^^
  File "/home/rodrigo/real_options/venv/lib/python3.12/site-packages/httpcore/_async/http11.py", line 217, in _receive_event
    data = await self._network_stream.read(
           ^^^^^^^^^^^^^^^^^^^^^^^^^^^^^^^^
  File "/home/rodrigo/real_options/venv/lib/python3.12/site-packages/httpcore/_backends/anyio.py", line 32, in read
    with map_exceptions(exc_map):
  File "/usr/lib/python3.12/contextlib.py", line 158, in __exit__
    self.gen.throw(value)
  File "/home/rodrigo/real_options/venv/lib/python3.12/site-packages/httpcore/_exceptions.py", line 14, in map_exceptions
    raise to_exc(exc) from exc
httpcore.ReadTimeout

The above exception was the direct cause of the following exception:

Traceback (most recent call last):
  File "/home/rodrigo/real_options/venv/lib/python3.12/site-packages/openai/_base_client.py", line 1532, in request
    response = await self._client.send(
               ^^^^^^^^^^^^^^^^^^^^^^^^
  File "/home/rodrigo/real_options/venv/lib/python3.12/site-packages/httpx/_client.py", line 1629, in send
    response = await self._send_handling_auth(
               ^^^^^^^^^^^^^^^^^^^^^^^^^^^^^^^
  File "/home/rodrigo/real_options/venv/lib/python3.12/site-packages/httpx/_client.py", line 1657, in _send_handling_auth
    response = await self._send_handling_redirects(
               ^^^^^^^^^^^^^^^^^^^^^^^^^^^^^^^^^^^^
  File "/home/rodrigo/real_options/venv/lib/python3.12/site-packages/httpx/_client.py", line 1694, in _send_handling_redirects
    response = await self._send_single_request(request)
               ^^^^^^^^^^^^^^^^^^^^^^^^^^^^^^^^^^^^^^^^
  File "/home/rodrigo/real_options/venv/lib/python3.12/site-packages/httpx/_client.py", line 1730, in _send_single_request
    response = await transport.handle_async_request(request)
               ^^^^^^^^^^^^^^^^^^^^^^^^^^^^^^^^^^^^^^^^^^^^^
  File "/home/rodrigo/real_options/venv/lib/python3.12/site-packages/httpx/_transports/default.py", line 393, in handle_async_request
    with map_httpcore_exceptions():
  File "/usr/lib/python3.12/contextlib.py", line 158, in __exit__
    self.gen.throw(value)
  File "/home/rodrigo/real_options/venv/lib/python3.12/site-packages/httpx/_transports/default.py", line 118, in map_httpcore_exceptions
    raise mapped_exc(message) from exc
httpx.ReadTimeout

The above exception was the direct cause of the following exception:

Traceback (most recent call last):
  File "/home/rodrigo/real_options/trading_bot/sentinels.py", line 709, in _search_x_and_analyze
    response = await self.client.chat.completions.create(
               ^^^^^^^^^^^^^^^^^^^^^^^^^^^^^^^^^^^^^^^^^^
  File "/home/rodrigo/real_options/venv/lib/python3.12/site-packages/openai/resources/chat/completions/completions.py", line 2678, in create
    return await self._post(
           ^^^^^^^^^^^^^^^^^
  File "/home/rodrigo/real_options/venv/lib/python3.12/site-packages/openai/_base_client.py", line 1797, in post
    return await self.request(cast_to, opts, stream=stream, stream_cls=stream_cls)
           ^^^^^^^^^^^^^^^^^^^^^^^^^^^^^^^^^^^^^^^^^^^^^^^^^^^^^^^^^^^^^^^^^^^^^^^
  File "/home/rodrigo/real_options/venv/lib/python3.12/site-packages/openai/_base_client.py", line 1550, in request
    raise APITimeoutError(request=request) from err
openai.APITimeoutError: Request timed out.
2026-01-21 11:40:51,073 - trading_bot.sentinels - WARNING - XSentimentSentinel: All X searches failed
2026-01-21 11:41:51,107 - root - INFO - Fetching 1 active futures contracts for KC on NYBOT...
2026-01-21 11:41:51,243 - root - INFO - Found 11 active tradeable contracts (>=45d exp). Returning the first 1.
2026-01-21 11:41:51,244 - Orchestrator - INFO - Refreshed contract cache: KCH6
2026-01-21 11:41:53,094 - trading_bot.sentinels - WARNING - WEATHER SENTINEL TRIGGERED: Drought Risk in Dak Lak (Vietnam): 10 days with < 5.0mm rain
2026-01-21 11:41:53,104 - trading_bot.state_manager - INFO - Logged sentinel event from WeatherSentinel to history.
2026-01-21 11:41:53,104 - Orchestrator - INFO - ðŸš¨ EMERGENCY CYCLE TRIGGERED by WeatherSentinel: Drought Risk in Dak Lak (Vietnam): 10 days with < 5.0mm rain
2026-01-21 11:41:53,383 - notifications - INFO - Pushover chunk sent successfully (Attachment: False).
2026-01-21 11:41:53,403 - chromadb.telemetry.product.posthog - INFO - Anonymized telemetry enabled. See                     https://docs.trychroma.com/telemetry for more information.
2026-01-21 11:41:53,487 - trading_bot.tms - INFO - TMS initialized at ./data/tms
2026-01-21 11:41:53,587 - trading_bot.heterogeneous_router - INFO - ResponseCache initialized with env=DEV, multiplier=0.25
2026-01-21 11:41:53,587 - trading_bot.heterogeneous_router - INFO - HeterogeneousRouter initialized. Available: ['anthropic', 'xai', 'openai', 'gemini']
2026-01-21 11:41:53,587 - trading_bot.agents - INFO - Heterogeneous routing enabled. Diversity: {'available_providers': ['anthropic', 'xai', 'openai', 'gemini'], 'diversity_score': 1.0}
2026-01-21 11:41:53,592 - trading_bot.tms - INFO - TMS initialized at ./data/tms
2026-01-21 11:41:53,592 - trading_bot.agents - INFO - Coffee Council initialized. Agents: gemini-3-pro-preview, Master: gemini-3-pro-preview
2026-01-21 11:41:53,592 - root - INFO - Fetching 2 active futures contracts for KC on NYBOT...
2026-01-21 11:41:53,670 - root - INFO - Found 11 active tradeable contracts (>=45d exp). Returning the first 2.
2026-01-21 11:41:53,670 - Orchestrator - INFO - Targeting contract: KCH6 (202603)
2026-01-21 11:41:59,738 - trading_bot.agents - INFO - Running Specialized Cycle triggered by WeatherSentinel...
2026-01-21 11:41:59,738 - trading_bot.agents - INFO - Routing to agronomist (Reason: Matched: WeatherSentinel/drought)
2026-01-21 11:41:59,738 - trading_bot.agents - INFO - Waking up agronomist...
2026-01-21 11:42:00,143 - trading_bot.agents - INFO - Retrieved 2 TMS insights for agronomist.
2026-01-21 11:42:00,143 - trading_bot.agents - INFO - [agronomist] Phase 1: Gathering grounded data...
2026-01-21 11:42:00,144 - google_genai.models - INFO - AFC is enabled with max remote calls: 10.
2026-01-21 11:42:46,634 - google_genai.models - INFO - AFC is enabled with max remote calls: 10.
2026-01-21 11:43:17,238 - trading_bot.tms - INFO - TMS: Stored insight from agronomist
2026-01-21 11:43:17,238 - google_genai.models - INFO - AFC is enabled with max remote calls: 10.
2026-01-21 11:43:38,237 - trading_bot.weighted_voting - INFO - Market Regime Detected: RANGE_BOUND
2026-01-21 11:43:38,247 - trading_bot.weighted_voting - INFO - ML confidence normalized: 0.50 -> 0.50
2026-01-21 11:43:38,248 - trading_bot.weighted_voting - INFO - ML Blend: Reliability=0.50, DynamicWeight=0.15, Regime=RANGE_BOUND
2026-01-21 11:43:38,248 - trading_bot.weighted_voting - INFO - Weighted Vote: NEUTRAL (score=0.076, dominant=technical)
2026-01-21 11:43:38,249 - trading_bot.weighted_voting - INFO - Vote Breakdown: [
  {
    "agent": "agronomist",
    "direction": "NEUTRAL",
    "confidence": 0.5,
    "domain_weight": 3.0,
    "reliability_mult": 1.0,
    "final_weight": 3.0,
    "contribution": 0.0
  },
  {
    "agent": "macro",
    "direction": "NEUTRAL",
    "confidence": 0.5,
    "domain_weight": 1.0,
    "reliability_mult": 1.0,
    "final_weight": 1.0,
    "contribution": 0.0
  },
  {
    "agent": "geopolitical",
    "direction": "NEUTRAL",
    "confidence": 0.5,
    "domain_weight": 0.5,
    "reliability_mult": 1.0,
    "final_weight": 0.5,
    "contribution": 0.0
  },
  {
    "agent": "supply_chain",
    "direction": "NEUTRAL",
    "confidence": 0.5,
    "domain_weight": 1.0,
    "reliability_mult": 1.0,
    "final_weight": 1.0,
    "contribution": 0.0
  },
  {
    "agent": "inventory",
    "direction": "NEUTRAL",
    "confidence": 0.5,
    "domain_weight": 1.5,
    "reliability_mult": 1.0,
    "final_weight": 1.5,
    "contribution": 0.0
  },
  {
    "agent": "sentiment",
    "direction": "NEUTRAL",
    "confidence": 0.5,
    "domain_weight": 1.0,
    "reliability_mult": 1.0,
    "final_weight": 1.0,
    "contribution": 0.0
  },
  {
    "agent": "technical",
    "direction": "BULLISH",
    "confidence": 0.5,
    "domain_weight": 2.25,
    "reliability_mult": 1.0,
    "final_weight": 2.25,
    "contribution": 1.125
  },
  {
    "agent": "volatility",
    "direction": "NEUTRAL",
    "confidence": 0.5,
    "domain_weight": 1.4,
    "reliability_mult": 1.0,
    "final_weight": 1.4,
    "contribution": 0.0
  },
  {
    "agent": "latest_ml_signals",
    "direction": "NEUTRAL",
    "confidence": 0.5,
    "domain_weight": 1.0,
    "reliability_mult": 1.0,
    "final_weight": 1.0,
    "contribution": 0.0
  }
]
2026-01-21 11:43:59,785 - httpx - INFO - HTTP Request: POST https://api.anthropic.com/v1/messages "HTTP/1.1 200 OK"
2026-01-21 11:53:59,842 - openai._base_client - INFO - Retrying request to /chat/completions in 0.428538 seconds
2026-01-21 12:04:00,289 - openai._base_client - INFO - Retrying request to /chat/completions in 0.783781 seconds
2026-01-21 12:04:54,294 - openai._base_client - INFO - Retrying request to /chat/completions in 0.444929 seconds
2026-01-21 12:04:54,294 - openai._base_client - INFO - Retrying request to /chat/completions in 0.471219 seconds
2026-01-21 12:04:54,295 - openai._base_client - INFO - Retrying request to /chat/completions in 0.427402 seconds
2026-01-21 12:04:54,295 - openai._base_client - INFO - Retrying request to /chat/completions in 0.491888 seconds
2026-01-21 12:04:54,295 - openai._base_client - INFO - Retrying request to /chat/completions in 0.416714 seconds
2026-01-21 12:04:54,295 - openai._base_client - INFO - Retrying request to /chat/completions in 0.466741 seconds
2026-01-21 12:04:54,296 - openai._base_client - INFO - Retrying request to /chat/completions in 0.409947 seconds
2026-01-21 12:04:54,297 - openai._base_client - INFO - Retrying request to /chat/completions in 0.428427 seconds
2026-01-21 12:05:00,868 - httpx - INFO - HTTP Request: POST https://api.x.ai/v1/chat/completions "HTTP/1.1 502 Bad Gateway"
2026-01-21 12:05:00,870 - openai._base_client - INFO - Retrying request to /chat/completions in 0.903255 seconds
2026-01-21 12:07:54,728 - openai._base_client - INFO - Retrying request to /chat/completions in 0.971431 seconds
2026-01-21 12:07:54,729 - openai._base_client - INFO - Retrying request to /chat/completions in 0.797792 seconds
2026-01-21 12:07:54,743 - openai._base_client - INFO - Retrying request to /chat/completions in 0.949131 seconds
2026-01-21 12:07:54,744 - openai._base_client - INFO - Retrying request to /chat/completions in 0.792634 seconds
2026-01-21 12:07:54,756 - openai._base_client - INFO - Retrying request to /chat/completions in 0.800688 seconds
2026-01-21 12:07:54,781 - openai._base_client - INFO - Retrying request to /chat/completions in 0.852859 seconds
2026-01-21 12:07:54,781 - openai._base_client - INFO - Retrying request to /chat/completions in 0.851149 seconds
2026-01-21 12:08:01,784 - trading_bot.sentinels - ERROR - X search failed for query 'Brazil coffee harvest': Request timed out.
Traceback (most recent call last):
  File "/home/rodrigo/real_options/venv/lib/python3.12/site-packages/httpx/_transports/default.py", line 101, in map_httpcore_exceptions
    yield
  File "/home/rodrigo/real_options/venv/lib/python3.12/site-packages/httpx/_transports/default.py", line 394, in handle_async_request
    resp = await self._pool.handle_async_request(req)
           ^^^^^^^^^^^^^^^^^^^^^^^^^^^^^^^^^^^^^^^^^^
  File "/home/rodrigo/real_options/venv/lib/python3.12/site-packages/httpcore/_async/connection_pool.py", line 256, in handle_async_request
    raise exc from None
  File "/home/rodrigo/real_options/venv/lib/python3.12/site-packages/httpcore/_async/connection_pool.py", line 236, in handle_async_request
    response = await connection.handle_async_request(
               ^^^^^^^^^^^^^^^^^^^^^^^^^^^^^^^^^^^^^^
  File "/home/rodrigo/real_options/venv/lib/python3.12/site-packages/httpcore/_async/connection.py", line 103, in handle_async_request
    return await self._connection.handle_async_request(request)
           ^^^^^^^^^^^^^^^^^^^^^^^^^^^^^^^^^^^^^^^^^^^^^^^^^^^^
  File "/home/rodrigo/real_options/venv/lib/python3.12/site-packages/httpcore/_async/http11.py", line 136, in handle_async_request
    raise exc
  File "/home/rodrigo/real_options/venv/lib/python3.12/site-packages/httpcore/_async/http11.py", line 106, in handle_async_request
    ) = await self._receive_response_headers(**kwargs)
        ^^^^^^^^^^^^^^^^^^^^^^^^^^^^^^^^^^^^^^^^^^^^^^
  File "/home/rodrigo/real_options/venv/lib/python3.12/site-packages/httpcore/_async/http11.py", line 177, in _receive_response_headers
    event = await self._receive_event(timeout=timeout)
            ^^^^^^^^^^^^^^^^^^^^^^^^^^^^^^^^^^^^^^^^^^
  File "/home/rodrigo/real_options/venv/lib/python3.12/site-packages/httpcore/_async/http11.py", line 217, in _receive_event
    data = await self._network_stream.read(
           ^^^^^^^^^^^^^^^^^^^^^^^^^^^^^^^^
  File "/home/rodrigo/real_options/venv/lib/python3.12/site-packages/httpcore/_backends/anyio.py", line 32, in read
    with map_exceptions(exc_map):
  File "/usr/lib/python3.12/contextlib.py", line 158, in __exit__
    self.gen.throw(value)
  File "/home/rodrigo/real_options/venv/lib/python3.12/site-packages/httpcore/_exceptions.py", line 14, in map_exceptions
    raise to_exc(exc) from exc
httpcore.ReadTimeout

The above exception was the direct cause of the following exception:

Traceback (most recent call last):
  File "/home/rodrigo/real_options/venv/lib/python3.12/site-packages/openai/_base_client.py", line 1532, in request
    response = await self._client.send(
               ^^^^^^^^^^^^^^^^^^^^^^^^
  File "/home/rodrigo/real_options/venv/lib/python3.12/site-packages/httpx/_client.py", line 1629, in send
    response = await self._send_handling_auth(
               ^^^^^^^^^^^^^^^^^^^^^^^^^^^^^^^
  File "/home/rodrigo/real_options/venv/lib/python3.12/site-packages/httpx/_client.py", line 1657, in _send_handling_auth
    response = await self._send_handling_redirects(
               ^^^^^^^^^^^^^^^^^^^^^^^^^^^^^^^^^^^^
  File "/home/rodrigo/real_options/venv/lib/python3.12/site-packages/httpx/_client.py", line 1694, in _send_handling_redirects
    response = await self._send_single_request(request)
               ^^^^^^^^^^^^^^^^^^^^^^^^^^^^^^^^^^^^^^^^
  File "/home/rodrigo/real_options/venv/lib/python3.12/site-packages/httpx/_client.py", line 1730, in _send_single_request
    response = await transport.handle_async_request(request)
               ^^^^^^^^^^^^^^^^^^^^^^^^^^^^^^^^^^^^^^^^^^^^^
  File "/home/rodrigo/real_options/venv/lib/python3.12/site-packages/httpx/_transports/default.py", line 393, in handle_async_request
    with map_httpcore_exceptions():
  File "/usr/lib/python3.12/contextlib.py", line 158, in __exit__
    self.gen.throw(value)
  File "/home/rodrigo/real_options/venv/lib/python3.12/site-packages/httpx/_transports/default.py", line 118, in map_httpcore_exceptions
    raise mapped_exc(message) from exc
httpx.ReadTimeout

The above exception was the direct cause of the following exception:

Traceback (most recent call last):
  File "/home/rodrigo/real_options/trading_bot/sentinels.py", line 709, in _search_x_and_analyze
    response = await self.client.chat.completions.create(
               ^^^^^^^^^^^^^^^^^^^^^^^^^^^^^^^^^^^^^^^^^^
  File "/home/rodrigo/real_options/venv/lib/python3.12/site-packages/openai/resources/chat/completions/completions.py", line 2678, in create
    return await self._post(
           ^^^^^^^^^^^^^^^^^
  File "/home/rodrigo/real_options/venv/lib/python3.12/site-packages/openai/_base_client.py", line 1797, in post
    return await self.request(cast_to, opts, stream=stream, stream_cls=stream_cls)
           ^^^^^^^^^^^^^^^^^^^^^^^^^^^^^^^^^^^^^^^^^^^^^^^^^^^^^^^^^^^^^^^^^^^^^^^
  File "/home/rodrigo/real_options/venv/lib/python3.12/site-packages/openai/_base_client.py", line 1550, in request
    raise APITimeoutError(request=request) from err
openai.APITimeoutError: Request timed out.
2026-01-21 12:10:55,554 - trading_bot.sentinels - ERROR - X search failed for query 'CFTC coffee positioning': Request timed out.
Traceback (most recent call last):
  File "/home/rodrigo/real_options/venv/lib/python3.12/site-packages/httpx/_transports/default.py", line 101, in map_httpcore_exceptions
    yield
  File "/home/rodrigo/real_options/venv/lib/python3.12/site-packages/httpx/_transports/default.py", line 394, in handle_async_request
    resp = await self._pool.handle_async_request(req)
           ^^^^^^^^^^^^^^^^^^^^^^^^^^^^^^^^^^^^^^^^^^
  File "/home/rodrigo/real_options/venv/lib/python3.12/site-packages/httpcore/_async/connection_pool.py", line 256, in handle_async_request
    raise exc from None
  File "/home/rodrigo/real_options/venv/lib/python3.12/site-packages/httpcore/_async/connection_pool.py", line 236, in handle_async_request
    response = await connection.handle_async_request(
               ^^^^^^^^^^^^^^^^^^^^^^^^^^^^^^^^^^^^^^
  File "/home/rodrigo/real_options/venv/lib/python3.12/site-packages/httpcore/_async/connection.py", line 103, in handle_async_request
    return await self._connection.handle_async_request(request)
           ^^^^^^^^^^^^^^^^^^^^^^^^^^^^^^^^^^^^^^^^^^^^^^^^^^^^
  File "/home/rodrigo/real_options/venv/lib/python3.12/site-packages/httpcore/_async/http11.py", line 136, in handle_async_request
    raise exc
  File "/home/rodrigo/real_options/venv/lib/python3.12/site-packages/httpcore/_async/http11.py", line 106, in handle_async_request
    ) = await self._receive_response_headers(**kwargs)
        ^^^^^^^^^^^^^^^^^^^^^^^^^^^^^^^^^^^^^^^^^^^^^^
  File "/home/rodrigo/real_options/venv/lib/python3.12/site-packages/httpcore/_async/http11.py", line 177, in _receive_response_headers
    event = await self._receive_event(timeout=timeout)
            ^^^^^^^^^^^^^^^^^^^^^^^^^^^^^^^^^^^^^^^^^^
  File "/home/rodrigo/real_options/venv/lib/python3.12/site-packages/httpcore/_async/http11.py", line 217, in _receive_event
    data = await self._network_stream.read(
           ^^^^^^^^^^^^^^^^^^^^^^^^^^^^^^^^
  File "/home/rodrigo/real_options/venv/lib/python3.12/site-packages/httpcore/_backends/anyio.py", line 32, in read
    with map_exceptions(exc_map):
  File "/usr/lib/python3.12/contextlib.py", line 158, in __exit__
    self.gen.throw(value)
  File "/home/rodrigo/real_options/venv/lib/python3.12/site-packages/httpcore/_exceptions.py", line 14, in map_exceptions
    raise to_exc(exc) from exc
httpcore.ReadTimeout

The above exception was the direct cause of the following exception:

Traceback (most recent call last):
  File "/home/rodrigo/real_options/venv/lib/python3.12/site-packages/openai/_base_client.py", line 1532, in request
    response = await self._client.send(
               ^^^^^^^^^^^^^^^^^^^^^^^^
  File "/home/rodrigo/real_options/venv/lib/python3.12/site-packages/httpx/_client.py", line 1629, in send
    response = await self._send_handling_auth(
               ^^^^^^^^^^^^^^^^^^^^^^^^^^^^^^^
  File "/home/rodrigo/real_options/venv/lib/python3.12/site-packages/httpx/_client.py", line 1657, in _send_handling_auth
    response = await self._send_handling_redirects(
               ^^^^^^^^^^^^^^^^^^^^^^^^^^^^^^^^^^^^
  File "/home/rodrigo/real_options/venv/lib/python3.12/site-packages/httpx/_client.py", line 1694, in _send_handling_redirects
    response = await self._send_single_request(request)
               ^^^^^^^^^^^^^^^^^^^^^^^^^^^^^^^^^^^^^^^^
  File "/home/rodrigo/real_options/venv/lib/python3.12/site-packages/httpx/_client.py", line 1730, in _send_single_request
    response = await transport.handle_async_request(request)
               ^^^^^^^^^^^^^^^^^^^^^^^^^^^^^^^^^^^^^^^^^^^^^
  File "/home/rodrigo/real_options/venv/lib/python3.12/site-packages/httpx/_transports/default.py", line 393, in handle_async_request
    with map_httpcore_exceptions():
  File "/usr/lib/python3.12/contextlib.py", line 158, in __exit__
    self.gen.throw(value)
  File "/home/rodrigo/real_options/venv/lib/python3.12/site-packages/httpx/_transports/default.py", line 118, in map_httpcore_exceptions
    raise mapped_exc(message) from exc
httpx.ReadTimeout

The above exception was the direct cause of the following exception:

Traceback (most recent call last):
  File "/home/rodrigo/real_options/trading_bot/sentinels.py", line 709, in _search_x_and_analyze
    response = await self.client.chat.completions.create(
               ^^^^^^^^^^^^^^^^^^^^^^^^^^^^^^^^^^^^^^^^^^
  File "/home/rodrigo/real_options/venv/lib/python3.12/site-packages/openai/resources/chat/completions/completions.py", line 2678, in create
    return await self._post(
           ^^^^^^^^^^^^^^^^^
  File "/home/rodrigo/real_options/venv/lib/python3.12/site-packages/openai/_base_client.py", line 1797, in post
    return await self.request(cast_to, opts, stream=stream, stream_cls=stream_cls)
           ^^^^^^^^^^^^^^^^^^^^^^^^^^^^^^^^^^^^^^^^^^^^^^^^^^^^^^^^^^^^^^^^^^^^^^^
  File "/home/rodrigo/real_options/venv/lib/python3.12/site-packages/openai/_base_client.py", line 1550, in request
    raise APITimeoutError(request=request) from err
openai.APITimeoutError: Request timed out.
2026-01-21 12:10:55,562 - trading_bot.sentinels - ERROR - X search failed for query 'Vietnam robusta': Request timed out.
Traceback (most recent call last):
  File "/home/rodrigo/real_options/venv/lib/python3.12/site-packages/httpx/_transports/default.py", line 101, in map_httpcore_exceptions
    yield
  File "/home/rodrigo/real_options/venv/lib/python3.12/site-packages/httpx/_transports/default.py", line 394, in handle_async_request
    resp = await self._pool.handle_async_request(req)
           ^^^^^^^^^^^^^^^^^^^^^^^^^^^^^^^^^^^^^^^^^^
  File "/home/rodrigo/real_options/venv/lib/python3.12/site-packages/httpcore/_async/connection_pool.py", line 256, in handle_async_request
    raise exc from None
  File "/home/rodrigo/real_options/venv/lib/python3.12/site-packages/httpcore/_async/connection_pool.py", line 236, in handle_async_request
    response = await connection.handle_async_request(
               ^^^^^^^^^^^^^^^^^^^^^^^^^^^^^^^^^^^^^^
  File "/home/rodrigo/real_options/venv/lib/python3.12/site-packages/httpcore/_async/connection.py", line 103, in handle_async_request
    return await self._connection.handle_async_request(request)
           ^^^^^^^^^^^^^^^^^^^^^^^^^^^^^^^^^^^^^^^^^^^^^^^^^^^^
  File "/home/rodrigo/real_options/venv/lib/python3.12/site-packages/httpcore/_async/http11.py", line 136, in handle_async_request
    raise exc
  File "/home/rodrigo/real_options/venv/lib/python3.12/site-packages/httpcore/_async/http11.py", line 106, in handle_async_request
    ) = await self._receive_response_headers(**kwargs)
        ^^^^^^^^^^^^^^^^^^^^^^^^^^^^^^^^^^^^^^^^^^^^^^
  File "/home/rodrigo/real_options/venv/lib/python3.12/site-packages/httpcore/_async/http11.py", line 177, in _receive_response_headers
    event = await self._receive_event(timeout=timeout)
            ^^^^^^^^^^^^^^^^^^^^^^^^^^^^^^^^^^^^^^^^^^
  File "/home/rodrigo/real_options/venv/lib/python3.12/site-packages/httpcore/_async/http11.py", line 217, in _receive_event
    data = await self._network_stream.read(
           ^^^^^^^^^^^^^^^^^^^^^^^^^^^^^^^^
  File "/home/rodrigo/real_options/venv/lib/python3.12/site-packages/httpcore/_backends/anyio.py", line 32, in read
    with map_exceptions(exc_map):
  File "/usr/lib/python3.12/contextlib.py", line 158, in __exit__
    self.gen.throw(value)
  File "/home/rodrigo/real_options/venv/lib/python3.12/site-packages/httpcore/_exceptions.py", line 14, in map_exceptions
    raise to_exc(exc) from exc
httpcore.ReadTimeout

The above exception was the direct cause of the following exception:

Traceback (most recent call last):
  File "/home/rodrigo/real_options/venv/lib/python3.12/site-packages/openai/_base_client.py", line 1532, in request
    response = await self._client.send(
               ^^^^^^^^^^^^^^^^^^^^^^^^
  File "/home/rodrigo/real_options/venv/lib/python3.12/site-packages/httpx/_client.py", line 1629, in send
    response = await self._send_handling_auth(
               ^^^^^^^^^^^^^^^^^^^^^^^^^^^^^^^
  File "/home/rodrigo/real_options/venv/lib/python3.12/site-packages/httpx/_client.py", line 1657, in _send_handling_auth
    response = await self._send_handling_redirects(
               ^^^^^^^^^^^^^^^^^^^^^^^^^^^^^^^^^^^^
  File "/home/rodrigo/real_options/venv/lib/python3.12/site-packages/httpx/_client.py", line 1694, in _send_handling_redirects
    response = await self._send_single_request(request)
               ^^^^^^^^^^^^^^^^^^^^^^^^^^^^^^^^^^^^^^^^
  File "/home/rodrigo/real_options/venv/lib/python3.12/site-packages/httpx/_client.py", line 1730, in _send_single_request
    response = await transport.handle_async_request(request)
               ^^^^^^^^^^^^^^^^^^^^^^^^^^^^^^^^^^^^^^^^^^^^^
  File "/home/rodrigo/real_options/venv/lib/python3.12/site-packages/httpx/_transports/default.py", line 393, in handle_async_request
    with map_httpcore_exceptions():
  File "/usr/lib/python3.12/contextlib.py", line 158, in __exit__
    self.gen.throw(value)
  File "/home/rodrigo/real_options/venv/lib/python3.12/site-packages/httpx/_transports/default.py", line 118, in map_httpcore_exceptions
    raise mapped_exc(message) from exc
httpx.ReadTimeout

The above exception was the direct cause of the following exception:

Traceback (most recent call last):
  File "/home/rodrigo/real_options/trading_bot/sentinels.py", line 709, in _search_x_and_analyze
    response = await self.client.chat.completions.create(
               ^^^^^^^^^^^^^^^^^^^^^^^^^^^^^^^^^^^^^^^^^^
  File "/home/rodrigo/real_options/venv/lib/python3.12/site-packages/openai/resources/chat/completions/completions.py", line 2678, in create
    return await self._post(
           ^^^^^^^^^^^^^^^^^
  File "/home/rodrigo/real_options/venv/lib/python3.12/site-packages/openai/_base_client.py", line 1797, in post
    return await self.request(cast_to, opts, stream=stream, stream_cls=stream_cls)
           ^^^^^^^^^^^^^^^^^^^^^^^^^^^^^^^^^^^^^^^^^^^^^^^^^^^^^^^^^^^^^^^^^^^^^^^
  File "/home/rodrigo/real_options/venv/lib/python3.12/site-packages/openai/_base_client.py", line 1550, in request
    raise APITimeoutError(request=request) from err
openai.APITimeoutError: Request timed out.
2026-01-21 12:10:55,573 - trading_bot.sentinels - ERROR - X search failed for query 'ICE coffee warehouse': Request timed out.
Traceback (most recent call last):
  File "/home/rodrigo/real_options/venv/lib/python3.12/site-packages/httpx/_transports/default.py", line 101, in map_httpcore_exceptions
    yield
  File "/home/rodrigo/real_options/venv/lib/python3.12/site-packages/httpx/_transports/default.py", line 394, in handle_async_request
    resp = await self._pool.handle_async_request(req)
           ^^^^^^^^^^^^^^^^^^^^^^^^^^^^^^^^^^^^^^^^^^
  File "/home/rodrigo/real_options/venv/lib/python3.12/site-packages/httpcore/_async/connection_pool.py", line 256, in handle_async_request
    raise exc from None
  File "/home/rodrigo/real_options/venv/lib/python3.12/site-packages/httpcore/_async/connection_pool.py", line 236, in handle_async_request
    response = await connection.handle_async_request(
               ^^^^^^^^^^^^^^^^^^^^^^^^^^^^^^^^^^^^^^
  File "/home/rodrigo/real_options/venv/lib/python3.12/site-packages/httpcore/_async/connection.py", line 103, in handle_async_request
    return await self._connection.handle_async_request(request)
           ^^^^^^^^^^^^^^^^^^^^^^^^^^^^^^^^^^^^^^^^^^^^^^^^^^^^
  File "/home/rodrigo/real_options/venv/lib/python3.12/site-packages/httpcore/_async/http11.py", line 136, in handle_async_request
    raise exc
  File "/home/rodrigo/real_options/venv/lib/python3.12/site-packages/httpcore/_async/http11.py", line 106, in handle_async_request
    ) = await self._receive_response_headers(**kwargs)
        ^^^^^^^^^^^^^^^^^^^^^^^^^^^^^^^^^^^^^^^^^^^^^^
  File "/home/rodrigo/real_options/venv/lib/python3.12/site-packages/httpcore/_async/http11.py", line 177, in _receive_response_headers
    event = await self._receive_event(timeout=timeout)
            ^^^^^^^^^^^^^^^^^^^^^^^^^^^^^^^^^^^^^^^^^^
  File "/home/rodrigo/real_options/venv/lib/python3.12/site-packages/httpcore/_async/http11.py", line 217, in _receive_event
    data = await self._network_stream.read(
           ^^^^^^^^^^^^^^^^^^^^^^^^^^^^^^^^
  File "/home/rodrigo/real_options/venv/lib/python3.12/site-packages/httpcore/_backends/anyio.py", line 32, in read
    with map_exceptions(exc_map):
  File "/usr/lib/python3.12/contextlib.py", line 158, in __exit__
    self.gen.throw(value)
  File "/home/rodrigo/real_options/venv/lib/python3.12/site-packages/httpcore/_exceptions.py", line 14, in map_exceptions
    raise to_exc(exc) from exc
httpcore.ReadTimeout

The above exception was the direct cause of the following exception:

Traceback (most recent call last):
  File "/home/rodrigo/real_options/venv/lib/python3.12/site-packages/openai/_base_client.py", line 1532, in request
    response = await self._client.send(
               ^^^^^^^^^^^^^^^^^^^^^^^^
  File "/home/rodrigo/real_options/venv/lib/python3.12/site-packages/httpx/_client.py", line 1629, in send
    response = await self._send_handling_auth(
               ^^^^^^^^^^^^^^^^^^^^^^^^^^^^^^^
  File "/home/rodrigo/real_options/venv/lib/python3.12/site-packages/httpx/_client.py", line 1657, in _send_handling_auth
    response = await self._send_handling_redirects(
               ^^^^^^^^^^^^^^^^^^^^^^^^^^^^^^^^^^^^
  File "/home/rodrigo/real_options/venv/lib/python3.12/site-packages/httpx/_client.py", line 1694, in _send_handling_redirects
    response = await self._send_single_request(request)
               ^^^^^^^^^^^^^^^^^^^^^^^^^^^^^^^^^^^^^^^^
  File "/home/rodrigo/real_options/venv/lib/python3.12/site-packages/httpx/_client.py", line 1730, in _send_single_request
    response = await transport.handle_async_request(request)
               ^^^^^^^^^^^^^^^^^^^^^^^^^^^^^^^^^^^^^^^^^^^^^
  File "/home/rodrigo/real_options/venv/lib/python3.12/site-packages/httpx/_transports/default.py", line 393, in handle_async_request
    with map_httpcore_exceptions():
  File "/usr/lib/python3.12/contextlib.py", line 158, in __exit__
    self.gen.throw(value)
  File "/home/rodrigo/real_options/venv/lib/python3.12/site-packages/httpx/_transports/default.py", line 118, in map_httpcore_exceptions
    raise mapped_exc(message) from exc
httpx.ReadTimeout

The above exception was the direct cause of the following exception:

Traceback (most recent call last):
  File "/home/rodrigo/real_options/trading_bot/sentinels.py", line 709, in _search_x_and_analyze
    response = await self.client.chat.completions.create(
               ^^^^^^^^^^^^^^^^^^^^^^^^^^^^^^^^^^^^^^^^^^
  File "/home/rodrigo/real_options/venv/lib/python3.12/site-packages/openai/resources/chat/completions/completions.py", line 2678, in create
    return await self._post(
           ^^^^^^^^^^^^^^^^^
  File "/home/rodrigo/real_options/venv/lib/python3.12/site-packages/openai/_base_client.py", line 1797, in post
    return await self.request(cast_to, opts, stream=stream, stream_cls=stream_cls)
           ^^^^^^^^^^^^^^^^^^^^^^^^^^^^^^^^^^^^^^^^^^^^^^^^^^^^^^^^^^^^^^^^^^^^^^^
  File "/home/rodrigo/real_options/venv/lib/python3.12/site-packages/openai/_base_client.py", line 1550, in request
    raise APITimeoutError(request=request) from err
openai.APITimeoutError: Request timed out.
2026-01-21 12:10:55,649 - trading_bot.sentinels - ERROR - X search failed for query 'US coffee tariffs': Request timed out.
Traceback (most recent call last):
  File "/home/rodrigo/real_options/venv/lib/python3.12/site-packages/httpx/_transports/default.py", line 101, in map_httpcore_exceptions
    yield
  File "/home/rodrigo/real_options/venv/lib/python3.12/site-packages/httpx/_transports/default.py", line 394, in handle_async_request
    resp = await self._pool.handle_async_request(req)
           ^^^^^^^^^^^^^^^^^^^^^^^^^^^^^^^^^^^^^^^^^^
  File "/home/rodrigo/real_options/venv/lib/python3.12/site-packages/httpcore/_async/connection_pool.py", line 256, in handle_async_request
    raise exc from None
  File "/home/rodrigo/real_options/venv/lib/python3.12/site-packages/httpcore/_async/connection_pool.py", line 236, in handle_async_request
    response = await connection.handle_async_request(
               ^^^^^^^^^^^^^^^^^^^^^^^^^^^^^^^^^^^^^^
  File "/home/rodrigo/real_options/venv/lib/python3.12/site-packages/httpcore/_async/connection.py", line 103, in handle_async_request
    return await self._connection.handle_async_request(request)
           ^^^^^^^^^^^^^^^^^^^^^^^^^^^^^^^^^^^^^^^^^^^^^^^^^^^^
  File "/home/rodrigo/real_options/venv/lib/python3.12/site-packages/httpcore/_async/http11.py", line 136, in handle_async_request
    raise exc
  File "/home/rodrigo/real_options/venv/lib/python3.12/site-packages/httpcore/_async/http11.py", line 106, in handle_async_request
    ) = await self._receive_response_headers(**kwargs)
        ^^^^^^^^^^^^^^^^^^^^^^^^^^^^^^^^^^^^^^^^^^^^^^
  File "/home/rodrigo/real_options/venv/lib/python3.12/site-packages/httpcore/_async/http11.py", line 177, in _receive_response_headers
    event = await self._receive_event(timeout=timeout)
            ^^^^^^^^^^^^^^^^^^^^^^^^^^^^^^^^^^^^^^^^^^
  File "/home/rodrigo/real_options/venv/lib/python3.12/site-packages/httpcore/_async/http11.py", line 217, in _receive_event
    data = await self._network_stream.read(
           ^^^^^^^^^^^^^^^^^^^^^^^^^^^^^^^^
  File "/home/rodrigo/real_options/venv/lib/python3.12/site-packages/httpcore/_backends/anyio.py", line 32, in read
    with map_exceptions(exc_map):
  File "/usr/lib/python3.12/contextlib.py", line 158, in __exit__
    self.gen.throw(value)
  File "/home/rodrigo/real_options/venv/lib/python3.12/site-packages/httpcore/_exceptions.py", line 14, in map_exceptions
    raise to_exc(exc) from exc
httpcore.ReadTimeout

The above exception was the direct cause of the following exception:

Traceback (most recent call last):
  File "/home/rodrigo/real_options/venv/lib/python3.12/site-packages/openai/_base_client.py", line 1532, in request
    response = await self._client.send(
               ^^^^^^^^^^^^^^^^^^^^^^^^
  File "/home/rodrigo/real_options/venv/lib/python3.12/site-packages/httpx/_client.py", line 1629, in send
    response = await self._send_handling_auth(
               ^^^^^^^^^^^^^^^^^^^^^^^^^^^^^^^
  File "/home/rodrigo/real_options/venv/lib/python3.12/site-packages/httpx/_client.py", line 1657, in _send_handling_auth
    response = await self._send_handling_redirects(
               ^^^^^^^^^^^^^^^^^^^^^^^^^^^^^^^^^^^^
  File "/home/rodrigo/real_options/venv/lib/python3.12/site-packages/httpx/_client.py", line 1694, in _send_handling_redirects
    response = await self._send_single_request(request)
               ^^^^^^^^^^^^^^^^^^^^^^^^^^^^^^^^^^^^^^^^
  File "/home/rodrigo/real_options/venv/lib/python3.12/site-packages/httpx/_client.py", line 1730, in _send_single_request
    response = await transport.handle_async_request(request)
               ^^^^^^^^^^^^^^^^^^^^^^^^^^^^^^^^^^^^^^^^^^^^^
  File "/home/rodrigo/real_options/venv/lib/python3.12/site-packages/httpx/_transports/default.py", line 393, in handle_async_request
    with map_httpcore_exceptions():
  File "/usr/lib/python3.12/contextlib.py", line 158, in __exit__
    self.gen.throw(value)
  File "/home/rodrigo/real_options/venv/lib/python3.12/site-packages/httpx/_transports/default.py", line 118, in map_httpcore_exceptions
    raise mapped_exc(message) from exc
httpx.ReadTimeout

The above exception was the direct cause of the following exception:

Traceback (most recent call last):
  File "/home/rodrigo/real_options/trading_bot/sentinels.py", line 709, in _search_x_and_analyze
    response = await self.client.chat.completions.create(
               ^^^^^^^^^^^^^^^^^^^^^^^^^^^^^^^^^^^^^^^^^^
  File "/home/rodrigo/real_options/venv/lib/python3.12/site-packages/openai/resources/chat/completions/completions.py", line 2678, in create
    return await self._post(
           ^^^^^^^^^^^^^^^^^
  File "/home/rodrigo/real_options/venv/lib/python3.12/site-packages/openai/_base_client.py", line 1797, in post
    return await self.request(cast_to, opts, stream=stream, stream_cls=stream_cls)
           ^^^^^^^^^^^^^^^^^^^^^^^^^^^^^^^^^^^^^^^^^^^^^^^^^^^^^^^^^^^^^^^^^^^^^^^
  File "/home/rodrigo/real_options/venv/lib/python3.12/site-packages/openai/_base_client.py", line 1550, in request
    raise APITimeoutError(request=request) from err
openai.APITimeoutError: Request timed out.
2026-01-21 12:10:55,652 - trading_bot.sentinels - ERROR - X search failed for query 'coffee futures': Request timed out.
Traceback (most recent call last):
  File "/home/rodrigo/real_options/venv/lib/python3.12/site-packages/httpx/_transports/default.py", line 101, in map_httpcore_exceptions
    yield
  File "/home/rodrigo/real_options/venv/lib/python3.12/site-packages/httpx/_transports/default.py", line 394, in handle_async_request
    resp = await self._pool.handle_async_request(req)
           ^^^^^^^^^^^^^^^^^^^^^^^^^^^^^^^^^^^^^^^^^^
  File "/home/rodrigo/real_options/venv/lib/python3.12/site-packages/httpcore/_async/connection_pool.py", line 256, in handle_async_request
    raise exc from None
  File "/home/rodrigo/real_options/venv/lib/python3.12/site-packages/httpcore/_async/connection_pool.py", line 236, in handle_async_request
    response = await connection.handle_async_request(
               ^^^^^^^^^^^^^^^^^^^^^^^^^^^^^^^^^^^^^^
  File "/home/rodrigo/real_options/venv/lib/python3.12/site-packages/httpcore/_async/connection.py", line 103, in handle_async_request
    return await self._connection.handle_async_request(request)
           ^^^^^^^^^^^^^^^^^^^^^^^^^^^^^^^^^^^^^^^^^^^^^^^^^^^^
  File "/home/rodrigo/real_options/venv/lib/python3.12/site-packages/httpcore/_async/http11.py", line 136, in handle_async_request
    raise exc
  File "/home/rodrigo/real_options/venv/lib/python3.12/site-packages/httpcore/_async/http11.py", line 106, in handle_async_request
    ) = await self._receive_response_headers(**kwargs)
        ^^^^^^^^^^^^^^^^^^^^^^^^^^^^^^^^^^^^^^^^^^^^^^
  File "/home/rodrigo/real_options/venv/lib/python3.12/site-packages/httpcore/_async/http11.py", line 177, in _receive_response_headers
    event = await self._receive_event(timeout=timeout)
            ^^^^^^^^^^^^^^^^^^^^^^^^^^^^^^^^^^^^^^^^^^
  File "/home/rodrigo/real_options/venv/lib/python3.12/site-packages/httpcore/_async/http11.py", line 217, in _receive_event
    data = await self._network_stream.read(
           ^^^^^^^^^^^^^^^^^^^^^^^^^^^^^^^^
  File "/home/rodrigo/real_options/venv/lib/python3.12/site-packages/httpcore/_backends/anyio.py", line 32, in read
    with map_exceptions(exc_map):
  File "/usr/lib/python3.12/contextlib.py", line 158, in __exit__
    self.gen.throw(value)
  File "/home/rodrigo/real_options/venv/lib/python3.12/site-packages/httpcore/_exceptions.py", line 14, in map_exceptions
    raise to_exc(exc) from exc
httpcore.ReadTimeout

The above exception was the direct cause of the following exception:

Traceback (most recent call last):
  File "/home/rodrigo/real_options/venv/lib/python3.12/site-packages/openai/_base_client.py", line 1532, in request
    response = await self._client.send(
               ^^^^^^^^^^^^^^^^^^^^^^^^
  File "/home/rodrigo/real_options/venv/lib/python3.12/site-packages/httpx/_client.py", line 1629, in send
    response = await self._send_handling_auth(
               ^^^^^^^^^^^^^^^^^^^^^^^^^^^^^^^
  File "/home/rodrigo/real_options/venv/lib/python3.12/site-packages/httpx/_client.py", line 1657, in _send_handling_auth
    response = await self._send_handling_redirects(
               ^^^^^^^^^^^^^^^^^^^^^^^^^^^^^^^^^^^^
  File "/home/rodrigo/real_options/venv/lib/python3.12/site-packages/httpx/_client.py", line 1694, in _send_handling_redirects
    response = await self._send_single_request(request)
               ^^^^^^^^^^^^^^^^^^^^^^^^^^^^^^^^^^^^^^^^
  File "/home/rodrigo/real_options/venv/lib/python3.12/site-packages/httpx/_client.py", line 1730, in _send_single_request
    response = await transport.handle_async_request(request)
               ^^^^^^^^^^^^^^^^^^^^^^^^^^^^^^^^^^^^^^^^^^^^^
  File "/home/rodrigo/real_options/venv/lib/python3.12/site-packages/httpx/_transports/default.py", line 393, in handle_async_request
    with map_httpcore_exceptions():
  File "/usr/lib/python3.12/contextlib.py", line 158, in __exit__
    self.gen.throw(value)
  File "/home/rodrigo/real_options/venv/lib/python3.12/site-packages/httpx/_transports/default.py", line 118, in map_httpcore_exceptions
    raise mapped_exc(message) from exc
httpx.ReadTimeout

The above exception was the direct cause of the following exception:

Traceback (most recent call last):
  File "/home/rodrigo/real_options/trading_bot/sentinels.py", line 709, in _search_x_and_analyze
    response = await self.client.chat.completions.create(
               ^^^^^^^^^^^^^^^^^^^^^^^^^^^^^^^^^^^^^^^^^^
  File "/home/rodrigo/real_options/venv/lib/python3.12/site-packages/openai/resources/chat/completions/completions.py", line 2678, in create
    return await self._post(
           ^^^^^^^^^^^^^^^^^
  File "/home/rodrigo/real_options/venv/lib/python3.12/site-packages/openai/_base_client.py", line 1797, in post
    return await self.request(cast_to, opts, stream=stream, stream_cls=stream_cls)
           ^^^^^^^^^^^^^^^^^^^^^^^^^^^^^^^^^^^^^^^^^^^^^^^^^^^^^^^^^^^^^^^^^^^^^^^
  File "/home/rodrigo/real_options/venv/lib/python3.12/site-packages/openai/_base_client.py", line 1550, in request
    raise APITimeoutError(request=request) from err
openai.APITimeoutError: Request timed out.
2026-01-21 12:10:55,709 - trading_bot.sentinels - ERROR - X search failed for query 'Colombia coffee': Request timed out.
Traceback (most recent call last):
  File "/home/rodrigo/real_options/venv/lib/python3.12/site-packages/httpx/_transports/default.py", line 101, in map_httpcore_exceptions
    yield
  File "/home/rodrigo/real_options/venv/lib/python3.12/site-packages/httpx/_transports/default.py", line 394, in handle_async_request
    resp = await self._pool.handle_async_request(req)
           ^^^^^^^^^^^^^^^^^^^^^^^^^^^^^^^^^^^^^^^^^^
  File "/home/rodrigo/real_options/venv/lib/python3.12/site-packages/httpcore/_async/connection_pool.py", line 256, in handle_async_request
    raise exc from None
  File "/home/rodrigo/real_options/venv/lib/python3.12/site-packages/httpcore/_async/connection_pool.py", line 236, in handle_async_request
    response = await connection.handle_async_request(
               ^^^^^^^^^^^^^^^^^^^^^^^^^^^^^^^^^^^^^^
  File "/home/rodrigo/real_options/venv/lib/python3.12/site-packages/httpcore/_async/connection.py", line 103, in handle_async_request
    return await self._connection.handle_async_request(request)
           ^^^^^^^^^^^^^^^^^^^^^^^^^^^^^^^^^^^^^^^^^^^^^^^^^^^^
  File "/home/rodrigo/real_options/venv/lib/python3.12/site-packages/httpcore/_async/http11.py", line 136, in handle_async_request
    raise exc
  File "/home/rodrigo/real_options/venv/lib/python3.12/site-packages/httpcore/_async/http11.py", line 106, in handle_async_request
    ) = await self._receive_response_headers(**kwargs)
        ^^^^^^^^^^^^^^^^^^^^^^^^^^^^^^^^^^^^^^^^^^^^^^
  File "/home/rodrigo/real_options/venv/lib/python3.12/site-packages/httpcore/_async/http11.py", line 177, in _receive_response_headers
    event = await self._receive_event(timeout=timeout)
            ^^^^^^^^^^^^^^^^^^^^^^^^^^^^^^^^^^^^^^^^^^
  File "/home/rodrigo/real_options/venv/lib/python3.12/site-packages/httpcore/_async/http11.py", line 217, in _receive_event
    data = await self._network_stream.read(
           ^^^^^^^^^^^^^^^^^^^^^^^^^^^^^^^^
  File "/home/rodrigo/real_options/venv/lib/python3.12/site-packages/httpcore/_backends/anyio.py", line 32, in read
    with map_exceptions(exc_map):
  File "/usr/lib/python3.12/contextlib.py", line 158, in __exit__
    self.gen.throw(value)
  File "/home/rodrigo/real_options/venv/lib/python3.12/site-packages/httpcore/_exceptions.py", line 14, in map_exceptions
    raise to_exc(exc) from exc
httpcore.ReadTimeout

The above exception was the direct cause of the following exception:

Traceback (most recent call last):
  File "/home/rodrigo/real_options/venv/lib/python3.12/site-packages/openai/_base_client.py", line 1532, in request
    response = await self._client.send(
               ^^^^^^^^^^^^^^^^^^^^^^^^
  File "/home/rodrigo/real_options/venv/lib/python3.12/site-packages/httpx/_client.py", line 1629, in send
    response = await self._send_handling_auth(
               ^^^^^^^^^^^^^^^^^^^^^^^^^^^^^^^
  File "/home/rodrigo/real_options/venv/lib/python3.12/site-packages/httpx/_client.py", line 1657, in _send_handling_auth
    response = await self._send_handling_redirects(
               ^^^^^^^^^^^^^^^^^^^^^^^^^^^^^^^^^^^^
  File "/home/rodrigo/real_options/venv/lib/python3.12/site-packages/httpx/_client.py", line 1694, in _send_handling_redirects
    response = await self._send_single_request(request)
               ^^^^^^^^^^^^^^^^^^^^^^^^^^^^^^^^^^^^^^^^
  File "/home/rodrigo/real_options/venv/lib/python3.12/site-packages/httpx/_client.py", line 1730, in _send_single_request
    response = await transport.handle_async_request(request)
               ^^^^^^^^^^^^^^^^^^^^^^^^^^^^^^^^^^^^^^^^^^^^^
  File "/home/rodrigo/real_options/venv/lib/python3.12/site-packages/httpx/_transports/default.py", line 393, in handle_async_request
    with map_httpcore_exceptions():
  File "/usr/lib/python3.12/contextlib.py", line 158, in __exit__
    self.gen.throw(value)
  File "/home/rodrigo/real_options/venv/lib/python3.12/site-packages/httpx/_transports/default.py", line 118, in map_httpcore_exceptions
    raise mapped_exc(message) from exc
httpx.ReadTimeout

The above exception was the direct cause of the following exception:

Traceback (most recent call last):
  File "/home/rodrigo/real_options/trading_bot/sentinels.py", line 709, in _search_x_and_analyze
    response = await self.client.chat.completions.create(
               ^^^^^^^^^^^^^^^^^^^^^^^^^^^^^^^^^^^^^^^^^^
  File "/home/rodrigo/real_options/venv/lib/python3.12/site-packages/openai/resources/chat/completions/completions.py", line 2678, in create
    return await self._post(
           ^^^^^^^^^^^^^^^^^
  File "/home/rodrigo/real_options/venv/lib/python3.12/site-packages/openai/_base_client.py", line 1797, in post
    return await self.request(cast_to, opts, stream=stream, stream_cls=stream_cls)
           ^^^^^^^^^^^^^^^^^^^^^^^^^^^^^^^^^^^^^^^^^^^^^^^^^^^^^^^^^^^^^^^^^^^^^^^
  File "/home/rodrigo/real_options/venv/lib/python3.12/site-packages/openai/_base_client.py", line 1550, in request
    raise APITimeoutError(request=request) from err
openai.APITimeoutError: Request timed out.
2026-01-21 12:10:55,715 - trading_bot.sentinels - ERROR - X search failed for query 'arabica prices': Request timed out.
Traceback (most recent call last):
  File "/home/rodrigo/real_options/venv/lib/python3.12/site-packages/httpx/_transports/default.py", line 101, in map_httpcore_exceptions
    yield
  File "/home/rodrigo/real_options/venv/lib/python3.12/site-packages/httpx/_transports/default.py", line 394, in handle_async_request
    resp = await self._pool.handle_async_request(req)
           ^^^^^^^^^^^^^^^^^^^^^^^^^^^^^^^^^^^^^^^^^^
  File "/home/rodrigo/real_options/venv/lib/python3.12/site-packages/httpcore/_async/connection_pool.py", line 256, in handle_async_request
    raise exc from None
  File "/home/rodrigo/real_options/venv/lib/python3.12/site-packages/httpcore/_async/connection_pool.py", line 236, in handle_async_request
    response = await connection.handle_async_request(
               ^^^^^^^^^^^^^^^^^^^^^^^^^^^^^^^^^^^^^^
  File "/home/rodrigo/real_options/venv/lib/python3.12/site-packages/httpcore/_async/connection.py", line 103, in handle_async_request
    return await self._connection.handle_async_request(request)
           ^^^^^^^^^^^^^^^^^^^^^^^^^^^^^^^^^^^^^^^^^^^^^^^^^^^^
  File "/home/rodrigo/real_options/venv/lib/python3.12/site-packages/httpcore/_async/http11.py", line 136, in handle_async_request
    raise exc
  File "/home/rodrigo/real_options/venv/lib/python3.12/site-packages/httpcore/_async/http11.py", line 106, in handle_async_request
    ) = await self._receive_response_headers(**kwargs)
        ^^^^^^^^^^^^^^^^^^^^^^^^^^^^^^^^^^^^^^^^^^^^^^
  File "/home/rodrigo/real_options/venv/lib/python3.12/site-packages/httpcore/_async/http11.py", line 177, in _receive_response_headers
    event = await self._receive_event(timeout=timeout)
            ^^^^^^^^^^^^^^^^^^^^^^^^^^^^^^^^^^^^^^^^^^
  File "/home/rodrigo/real_options/venv/lib/python3.12/site-packages/httpcore/_async/http11.py", line 217, in _receive_event
    data = await self._network_stream.read(
           ^^^^^^^^^^^^^^^^^^^^^^^^^^^^^^^^
  File "/home/rodrigo/real_options/venv/lib/python3.12/site-packages/httpcore/_backends/anyio.py", line 32, in read
    with map_exceptions(exc_map):
  File "/usr/lib/python3.12/contextlib.py", line 158, in __exit__
    self.gen.throw(value)
  File "/home/rodrigo/real_options/venv/lib/python3.12/site-packages/httpcore/_exceptions.py", line 14, in map_exceptions
    raise to_exc(exc) from exc
httpcore.ReadTimeout

The above exception was the direct cause of the following exception:

Traceback (most recent call last):
  File "/home/rodrigo/real_options/venv/lib/python3.12/site-packages/openai/_base_client.py", line 1532, in request
    response = await self._client.send(
               ^^^^^^^^^^^^^^^^^^^^^^^^
  File "/home/rodrigo/real_options/venv/lib/python3.12/site-packages/httpx/_client.py", line 1629, in send
    response = await self._send_handling_auth(
               ^^^^^^^^^^^^^^^^^^^^^^^^^^^^^^^
  File "/home/rodrigo/real_options/venv/lib/python3.12/site-packages/httpx/_client.py", line 1657, in _send_handling_auth
    response = await self._send_handling_redirects(
               ^^^^^^^^^^^^^^^^^^^^^^^^^^^^^^^^^^^^
  File "/home/rodrigo/real_options/venv/lib/python3.12/site-packages/httpx/_client.py", line 1694, in _send_handling_redirects
    response = await self._send_single_request(request)
               ^^^^^^^^^^^^^^^^^^^^^^^^^^^^^^^^^^^^^^^^
  File "/home/rodrigo/real_options/venv/lib/python3.12/site-packages/httpx/_client.py", line 1730, in _send_single_request
    response = await transport.handle_async_request(request)
               ^^^^^^^^^^^^^^^^^^^^^^^^^^^^^^^^^^^^^^^^^^^^^
  File "/home/rodrigo/real_options/venv/lib/python3.12/site-packages/httpx/_transports/default.py", line 393, in handle_async_request
    with map_httpcore_exceptions():
  File "/usr/lib/python3.12/contextlib.py", line 158, in __exit__
    self.gen.throw(value)
  File "/home/rodrigo/real_options/venv/lib/python3.12/site-packages/httpx/_transports/default.py", line 118, in map_httpcore_exceptions
    raise mapped_exc(message) from exc
httpx.ReadTimeout

The above exception was the direct cause of the following exception:

Traceback (most recent call last):
  File "/home/rodrigo/real_options/trading_bot/sentinels.py", line 709, in _search_x_and_analyze
    response = await self.client.chat.completions.create(
               ^^^^^^^^^^^^^^^^^^^^^^^^^^^^^^^^^^^^^^^^^^
  File "/home/rodrigo/real_options/venv/lib/python3.12/site-packages/openai/resources/chat/completions/completions.py", line 2678, in create
    return await self._post(
           ^^^^^^^^^^^^^^^^^
  File "/home/rodrigo/real_options/venv/lib/python3.12/site-packages/openai/_base_client.py", line 1797, in post
    return await self.request(cast_to, opts, stream=stream, stream_cls=stream_cls)
           ^^^^^^^^^^^^^^^^^^^^^^^^^^^^^^^^^^^^^^^^^^^^^^^^^^^^^^^^^^^^^^^^^^^^^^^
  File "/home/rodrigo/real_options/venv/lib/python3.12/site-packages/openai/_base_client.py", line 1550, in request
    raise APITimeoutError(request=request) from err
openai.APITimeoutError: Request timed out.
2026-01-21 12:10:55,721 - trading_bot.sentinels - WARNING - XSentimentSentinel: All X searches failed
2026-01-21 12:12:14,287 - httpx - INFO - HTTP Request: POST https://api.x.ai/v1/chat/completions "HTTP/1.1 200 OK"
2026-01-21 12:12:27,489 - httpx - INFO - HTTP Request: POST https://api.openai.com/v1/chat/completions "HTTP/1.1 200 OK"
2026-01-21 12:12:27,497 - trading_bot.agents - INFO - Master decision vetoed by conflicting Weighted Vote (NEUTRAL)
2026-01-21 12:12:27,498 - Orchestrator - INFO - Emergency Decision: NEUTRAL (0.75)
2026-01-21 12:12:27,499 - Orchestrator - INFO - Emergency Cycle concluded with no action.
2026-01-21 12:12:27,499 - Orchestrator - INFO - Post-cycle debounce set for 1800s
2026-01-21 12:32:11,238 - httpx - INFO - HTTP Request: POST https://api.x.ai/v1/chat/completions "HTTP/1.1 200 OK"
2026-01-21 12:32:11,330 - trading_bot.sentinels - INFO - X API returned 0 posts for 'Vietnam robusta (from:SpillingTheBean OR from:optima_t OR from:Reuters OR from:ICOcoffeeorg OR from:zerohedge OR from:Barchart OR from:WSJ) -meme -joke -spam -giveaway -airdrop -nft -crypto' (sort: recency)
2026-01-21 12:32:11,815 - httpx - INFO - HTTP Request: POST https://api.x.ai/v1/chat/completions "HTTP/1.1 503 Service Unavailable"
2026-01-21 12:32:11,816 - openai._base_client - INFO - Retrying request to /chat/completions in 0.479859 seconds
2026-01-21 12:32:12,457 - httpx - INFO - HTTP Request: POST https://api.x.ai/v1/chat/completions "HTTP/1.1 503 Service Unavailable"
2026-01-21 12:32:12,458 - openai._base_client - INFO - Retrying request to /chat/completions in 0.902766 seconds
2026-01-21 12:32:13,141 - httpx - INFO - HTTP Request: POST https://api.x.ai/v1/chat/completions "HTTP/1.1 200 OK"
2026-01-21 12:32:13,225 - trading_bot.sentinels - INFO - X API returned 0 posts for 'arabica prices (from:SpillingTheBean OR from:optima_t OR from:Reuters OR from:ICOcoffeeorg OR from:zerohedge OR from:Barchart OR from:WSJ) -meme -joke -spam -giveaway -airdrop -nft -crypto' (sort: recency)
2026-01-21 12:32:14,812 - httpx - INFO - HTTP Request: POST https://api.x.ai/v1/chat/completions "HTTP/1.1 200 OK"
2026-01-21 12:32:14,893 - trading_bot.sentinels - INFO - X API returned 0 posts for 'CFTC coffee positioning (from:SpillingTheBean OR from:optima_t OR from:Reuters OR from:ICOcoffeeorg OR from:zerohedge OR from:Barchart OR from:WSJ) -meme -joke -spam -giveaway -airdrop -nft -crypto' (sort: recency)
2026-01-21 12:32:15,524 - httpx - INFO - HTTP Request: POST https://api.x.ai/v1/chat/completions "HTTP/1.1 200 OK"
2026-01-21 12:32:15,605 - trading_bot.sentinels - INFO - X API returned 0 posts for 'ICE coffee warehouse (from:SpillingTheBean OR from:optima_t OR from:Reuters OR from:ICOcoffeeorg OR from:zerohedge OR from:Barchart OR from:WSJ) -meme -joke -spam -giveaway -airdrop -nft -crypto' (sort: recency)
2026-01-21 12:32:17,371 - httpx - INFO - HTTP Request: POST https://api.x.ai/v1/chat/completions "HTTP/1.1 200 OK"
2026-01-21 12:32:17,459 - trading_bot.sentinels - INFO - X API returned 0 posts for 'Colombia coffee (from:SpillingTheBean OR from:optima_t OR from:Reuters OR from:ICOcoffeeorg OR from:zerohedge OR from:Barchart OR from:WSJ) -meme -joke -spam -giveaway -airdrop -nft -crypto' (sort: recency)
2026-01-21 12:32:17,804 - httpx - INFO - HTTP Request: POST https://api.x.ai/v1/chat/completions "HTTP/1.1 200 OK"
2026-01-21 12:32:17,920 - trading_bot.sentinels - INFO - X API returned 0 posts for 'Brazil coffee harvest (from:SpillingTheBean OR from:optima_t OR from:Reuters OR from:ICOcoffeeorg OR from:zerohedge OR from:Barchart OR from:WSJ) -meme -joke -spam -giveaway -airdrop -nft -crypto' (sort: recency)
2026-01-21 12:32:23,414 - httpx - INFO - HTTP Request: POST https://api.x.ai/v1/chat/completions "HTTP/1.1 200 OK"
2026-01-21 12:32:23,502 - trading_bot.sentinels - INFO - X API returned 0 posts for 'US coffee tariffs (from:SpillingTheBean OR from:optima_t OR from:Reuters OR from:ICOcoffeeorg OR from:zerohedge OR from:Barchart OR from:WSJ) -meme -joke -spam -giveaway -airdrop -nft -crypto' (sort: recency)
2026-01-21 12:32:23,856 - httpx - INFO - HTTP Request: POST https://api.x.ai/v1/chat/completions "HTTP/1.1 200 OK"
2026-01-21 12:32:23,943 - trading_bot.sentinels - INFO - X API returned 0 posts for 'coffee futures (from:SpillingTheBean OR from:optima_t OR from:Reuters OR from:ICOcoffeeorg OR from:zerohedge OR from:Barchart OR from:WSJ) -meme -joke -spam -giveaway -airdrop -nft -crypto' (sort: recency)
2026-01-21 12:32:27,680 - httpx - INFO - HTTP Request: POST https://api.x.ai/v1/chat/completions "HTTP/1.1 200 OK"
2026-01-21 12:32:28,458 - httpx - INFO - HTTP Request: POST https://api.x.ai/v1/chat/completions "HTTP/1.1 200 OK"
2026-01-21 12:32:29,091 - httpx - INFO - HTTP Request: POST https://api.x.ai/v1/chat/completions "HTTP/1.1 200 OK"
2026-01-21 12:32:29,964 - httpx - INFO - HTTP Request: POST https://api.x.ai/v1/chat/completions "HTTP/1.1 200 OK"
2026-01-21 12:32:30,806 - httpx - INFO - HTTP Request: POST https://api.x.ai/v1/chat/completions "HTTP/1.1 200 OK"
2026-01-21 12:32:38,098 - httpx - INFO - HTTP Request: POST https://api.x.ai/v1/chat/completions "HTTP/1.1 200 OK"
2026-01-21 12:32:40,092 - httpx - INFO - HTTP Request: POST https://api.x.ai/v1/chat/completions "HTTP/1.1 200 OK"
2026-01-21 12:32:41,608 - httpx - INFO - HTTP Request: POST https://api.x.ai/v1/chat/completions "HTTP/1.1 200 OK"
2026-01-21 13:02:46,077 - httpx - INFO - HTTP Request: POST https://api.x.ai/v1/chat/completions "HTTP/1.1 200 OK"
2026-01-21 13:02:46,079 - httpx - INFO - HTTP Request: POST https://api.x.ai/v1/chat/completions "HTTP/1.1 200 OK"
2026-01-21 13:02:46,170 - trading_bot.sentinels - INFO - X API returned 0 posts for 'Brazil coffee harvest (from:SpillingTheBean OR from:optima_t OR from:Reuters OR from:ICOcoffeeorg OR from:zerohedge OR from:Barchart OR from:WSJ) -meme -joke -spam -giveaway -airdrop -nft -crypto' (sort: recency)
2026-01-21 13:02:46,171 - trading_bot.sentinels - INFO - X API returned 0 posts for 'arabica prices (from:SpillingTheBean OR from:optima_t OR from:Reuters OR from:ICOcoffeeorg OR from:zerohedge OR from:Barchart OR from:WSJ) -meme -joke -spam -giveaway -airdrop -nft -crypto' (sort: recency)
2026-01-21 13:02:46,771 - httpx - INFO - HTTP Request: POST https://api.x.ai/v1/chat/completions "HTTP/1.1 200 OK"
2026-01-21 13:02:46,843 - httpx - INFO - HTTP Request: POST https://api.x.ai/v1/chat/completions "HTTP/1.1 200 OK"
2026-01-21 13:02:46,890 - trading_bot.sentinels - INFO - X API returned 0 posts for 'Colombia coffee (from:SpillingTheBean OR from:optima_t OR from:Reuters OR from:ICOcoffeeorg OR from:zerohedge OR from:Barchart OR from:WSJ) -meme -joke -spam -giveaway -airdrop -nft -crypto' (sort: recency)
2026-01-21 13:02:46,938 - trading_bot.sentinels - INFO - X API returned 0 posts for 'Vietnam robusta (from:SpillingTheBean OR from:optima_t OR from:Reuters OR from:ICOcoffeeorg OR from:zerohedge OR from:Barchart OR from:WSJ) -meme -joke -spam -giveaway -airdrop -nft -crypto' (sort: recency)
2026-01-21 13:02:46,955 - httpx - INFO - HTTP Request: POST https://api.x.ai/v1/chat/completions "HTTP/1.1 200 OK"
2026-01-21 13:02:47,042 - trading_bot.sentinels - INFO - X API returned 0 posts for 'ICE coffee warehouse (from:SpillingTheBean OR from:optima_t OR from:Reuters OR from:ICOcoffeeorg OR from:zerohedge OR from:Barchart OR from:WSJ) -meme -joke -spam -giveaway -airdrop -nft -crypto' (sort: recency)
2026-01-21 13:02:47,403 - httpx - INFO - HTTP Request: POST https://api.x.ai/v1/chat/completions "HTTP/1.1 200 OK"
2026-01-21 13:02:47,409 - httpx - INFO - HTTP Request: POST https://api.x.ai/v1/chat/completions "HTTP/1.1 200 OK"
2026-01-21 13:02:47,497 - trading_bot.sentinels - INFO - X API returned 0 posts for 'CFTC coffee positioning (from:SpillingTheBean OR from:optima_t OR from:Reuters OR from:ICOcoffeeorg OR from:zerohedge OR from:Barchart OR from:WSJ) -meme -joke -spam -giveaway -airdrop -nft -crypto' (sort: recency)
2026-01-21 13:02:47,510 - trading_bot.sentinels - INFO - X API returned 0 posts for 'coffee futures (from:SpillingTheBean OR from:optima_t OR from:Reuters OR from:ICOcoffeeorg OR from:zerohedge OR from:Barchart OR from:WSJ) -meme -joke -spam -giveaway -airdrop -nft -crypto' (sort: recency)
2026-01-21 13:02:47,788 - httpx - INFO - HTTP Request: POST https://api.x.ai/v1/chat/completions "HTTP/1.1 200 OK"
2026-01-21 13:02:47,869 - trading_bot.sentinels - INFO - X API returned 0 posts for 'US coffee tariffs (from:SpillingTheBean OR from:optima_t OR from:Reuters OR from:ICOcoffeeorg OR from:zerohedge OR from:Barchart OR from:WSJ) -meme -joke -spam -giveaway -airdrop -nft -crypto' (sort: recency)
2026-01-21 13:02:48,925 - httpx - INFO - HTTP Request: POST https://api.x.ai/v1/chat/completions "HTTP/1.1 200 OK"
2026-01-21 13:02:48,976 - httpx - INFO - HTTP Request: POST https://api.x.ai/v1/chat/completions "HTTP/1.1 200 OK"
2026-01-21 13:02:49,380 - httpx - INFO - HTTP Request: POST https://api.x.ai/v1/chat/completions "HTTP/1.1 200 OK"
2026-01-21 13:02:49,689 - httpx - INFO - HTTP Request: POST https://api.x.ai/v1/chat/completions "HTTP/1.1 200 OK"
2026-01-21 13:02:49,918 - httpx - INFO - HTTP Request: POST https://api.x.ai/v1/chat/completions "HTTP/1.1 200 OK"
2026-01-21 13:02:49,976 - httpx - INFO - HTTP Request: POST https://api.x.ai/v1/chat/completions "HTTP/1.1 200 OK"
2026-01-21 13:02:51,093 - httpx - INFO - HTTP Request: POST https://api.x.ai/v1/chat/completions "HTTP/1.1 200 OK"
2026-01-21 13:02:52,271 - httpx - INFO - HTTP Request: POST https://api.x.ai/v1/chat/completions "HTTP/1.1 200 OK"
2026-01-21 13:02:52,278 - Orchestrator - INFO - X Sentinel today: 10 checks, 0 triggers, ~$0.15
2026-01-21 13:20:00,001 - Orchestrator - INFO - --- Running scheduled task: run_position_audit_cycle ---
2026-01-21 13:20:00,002 - Orchestrator - INFO - --- POSITION AUDIT CYCLE (Scheduled) ---
2026-01-21 13:20:00,003 - trading_bot.connection_pool - INFO - Connecting IB (audit) ID: 208...
2026-01-21 13:20:00,252 - trading_bot.connection_pool - INFO - IB (audit) connected successfully with ID 208
2026-01-21 13:20:00,256 - trading_bot.utils - INFO - ðŸ› ï¸ Configuring Market Data: Requesting LIVE (Type 1) Data.
2026-01-21 13:20:00,357 - Orchestrator - INFO - No open positions to audit.
2026-01-21 13:20:00,358 - Orchestrator - INFO - Next task 'generate_and_execute_orders' scheduled for 2026-01-21 13:50:00 UTC. Waiting for 0.50 hours.
